{
  "stats": {
    "suites": 3,
    "tests": 9,
    "passes": 9,
    "pending": 0,
    "failures": 0,
    "start": "2021-11-10T17:52:12.131Z",
    "end": "2021-11-10T17:52:12.689Z",
    "duration": 558,
    "testsRegistered": 9,
    "passPercent": 100,
    "pendingPercent": 0,
    "other": 0,
    "hasOther": false,
    "skipped": 0,
    "hasSkipped": false
  },
  "results": [
    {
      "uuid": "21814262-0b8f-4ca7-9bae-6ea384225753",
      "title": "",
      "fullFile": "cypress/integration/api_usuarios.spec.js",
      "file": "cypress/integration/api_usuarios.spec.js",
      "beforeHooks": [],
      "afterHooks": [],
      "tests": [],
      "suites": [
        {
          "uuid": "dd945f9a-79da-4c2d-a54c-d1b10e08ed03",
          "title": "Testes na rota /usuarios e validações de contrato",
          "fullFile": "",
          "file": "",
          "beforeHooks": [],
          "afterHooks": [],
          "tests": [],
          "suites": [
            {
              "uuid": "b509ec25-9e10-424d-b3d5-cd897e3b7137",
              "title": "Deve efetuar os testes positivos da rota",
              "fullFile": "",
              "file": "",
              "beforeHooks": [],
              "afterHooks": [],
              "tests": [
                {
                  "title": "Deve cadastrar um usuário corretamente, possuindo status code 200 e propriedade '_id'",
                  "fullTitle": "Testes na rota /usuarios e validações de contrato Deve efetuar os testes positivos da rota Deve cadastrar um usuário corretamente, possuindo status code 200 e propriedade '_id'",
                  "timedOut": null,
                  "duration": 86,
                  "state": "passed",
                  "speed": "fast",
                  "pass": true,
                  "fail": false,
                  "pending": false,
                  "context": null,
                  "code": "let usuario = _factory.default.UsuarioBody();\ncy.cadastrarUsuario(usuario).then(res => {\n  expect(res.status).to.be.equal(201);\n  expect(res.body).to.have.property(\"message\").to.be.equal(\"Cadastro realizado com sucesso\");\n  expect(res.body).to.have.property(\"_id\");\n  cy.validarContrato(res, \"post_usuarios\", 201).then(validacao => {\n    expect(validacao).to.be.equal(\"Contrato validado!\");\n  });\n  usuarioId = res.body._id;\n});",
                  "err": {},
                  "uuid": "a08d8950-5318-4a74-aa51-11bf419d2cce",
                  "parentUUID": "b509ec25-9e10-424d-b3d5-cd897e3b7137",
                  "isHook": false,
                  "skipped": false
                },
                {
                  "title": "Deve listar usuários cadastrados possuindo status code 200",
                  "fullTitle": "Testes na rota /usuarios e validações de contrato Deve efetuar os testes positivos da rota Deve listar usuários cadastrados possuindo status code 200",
                  "timedOut": null,
                  "duration": 84,
                  "state": "passed",
                  "speed": "fast",
                  "pass": true,
                  "fail": false,
                  "pending": false,
                  "context": null,
                  "code": "cy.listarUsuarios().then(res => {\n  expect(res.status).to.be.equal(200);\n  cy.validarContrato(res, \"get_usuarios\", 200).then(validacao => {\n    expect(validacao).to.be.equal(\"Contrato validado!\");\n  });\n});",
                  "err": {},
                  "uuid": "98f3db0e-ea2a-4b71-8a1f-8f0d7f9f0c98",
                  "parentUUID": "b509ec25-9e10-424d-b3d5-cd897e3b7137",
                  "isHook": false,
                  "skipped": false
                },
                {
                  "title": "Deve buscar usuário pelo ID possuindo status code 200 e propriedade 'nome' e 'email'",
                  "fullTitle": "Testes na rota /usuarios e validações de contrato Deve efetuar os testes positivos da rota Deve buscar usuário pelo ID possuindo status code 200 e propriedade 'nome' e 'email'",
                  "timedOut": null,
                  "duration": 50,
                  "state": "passed",
                  "speed": "fast",
                  "pass": true,
                  "fail": false,
                  "pending": false,
                  "context": null,
                  "code": "cy.buscarUsuarioId(usuarioId).then(res => {\n  expect(res.status).to.be.equal(200);\n  expect(res.body).to.have.property(\"nome\");\n  expect(res.body).to.have.property(\"email\");\n  cy.validarContrato(res, \"get_usuarios_id\", 200).then(validacao => {\n    expect(validacao).to.be.equal(\"Contrato validado!\");\n  });\n});",
                  "err": {},
                  "uuid": "bd4f4761-4ff0-4198-ad74-ce2fd464b184",
                  "parentUUID": "b509ec25-9e10-424d-b3d5-cd897e3b7137",
                  "isHook": false,
                  "skipped": false
                },
                {
                  "title": "Deve editar usuário possuindo status code 200 e propriedade 'message'",
                  "fullTitle": "Testes na rota /usuarios e validações de contrato Deve efetuar os testes positivos da rota Deve editar usuário possuindo status code 200 e propriedade 'message'",
                  "timedOut": null,
                  "duration": 52,
                  "state": "passed",
                  "speed": "fast",
                  "pass": true,
                  "fail": false,
                  "pending": false,
                  "context": null,
                  "code": "let body = _factory.default.UsuarioEdit();\ncy.editarUsuario(usuarioId, body).then(res => {\n  expect(res.status).to.be.equal(200);\n  expect(res.body).to.have.property(\"message\").equal(\"Registro alterado com sucesso\");\n  cy.validarContrato(res, \"put_usuarios_id\", 200).then(validacao => {\n    expect(validacao).to.be.equal(\"Contrato validado!\");\n  });\n});",
                  "err": {},
                  "uuid": "79ca386f-77ad-4bb8-b3fc-b83cf4d68d0f",
                  "parentUUID": "b509ec25-9e10-424d-b3d5-cd897e3b7137",
                  "isHook": false,
                  "skipped": false
                },
                {
                  "title": "Deve cadastrar usuário caso o mesmo não possua cadastro possindo status code 201, propriedades 'message' e '_id'",
                  "fullTitle": "Testes na rota /usuarios e validações de contrato Deve efetuar os testes positivos da rota Deve cadastrar usuário caso o mesmo não possua cadastro possindo status code 201, propriedades 'message' e '_id'",
                  "timedOut": null,
                  "duration": 53,
                  "state": "passed",
                  "speed": "fast",
                  "pass": true,
                  "fail": false,
                  "pending": false,
                  "context": null,
                  "code": "let usuario = _factory.default.UsuarioBody();\nlet body = _factory.default.UsuarioEdit();\ncy.editarUsuario(usuario, body).then(res => {\n  expect(res.status).to.be.equal(201);\n  expect(res.body).to.have.property(\"message\").equal(\"Cadastro realizado com sucesso\");\n  expect(res.body).to.have.property(\"_id\");\n  cy.validarContrato(res, \"put_usuarios_id\", 201).then(validacao => {\n    expect(validacao).to.be.equal(\"Contrato validado!\");\n  });\n});",
                  "err": {},
                  "uuid": "081c7747-0dec-4385-bc7d-921b0529df18",
                  "parentUUID": "b509ec25-9e10-424d-b3d5-cd897e3b7137",
                  "isHook": false,
                  "skipped": false
                },
                {
                  "title": "Deve excluir usuário possuindo status code 200 e propriedade 'message'",
                  "fullTitle": "Testes na rota /usuarios e validações de contrato Deve efetuar os testes positivos da rota Deve excluir usuário possuindo status code 200 e propriedade 'message'",
                  "timedOut": null,
                  "duration": 44,
                  "state": "passed",
                  "speed": "fast",
                  "pass": true,
                  "fail": false,
                  "pending": false,
                  "context": null,
                  "code": "cy.excluirUsuario(usuarioId).then(res => {\n  expect(res.status).to.be.equal(200);\n  expect(res.body).to.have.property(\"message\").equal(\"Registro excluído com sucesso\");\n  cy.validarContrato(res, \"delete_usuarios_id\", 200).then(validacao => {\n    expect(validacao).to.be.equal(\"Contrato validado!\");\n  });\n});",
                  "err": {},
                  "uuid": "32bad846-3497-4651-98ab-6a0698311e2e",
                  "parentUUID": "b509ec25-9e10-424d-b3d5-cd897e3b7137",
                  "isHook": false,
                  "skipped": false
                }
              ],
              "suites": [],
              "passes": [
                "a08d8950-5318-4a74-aa51-11bf419d2cce",
                "98f3db0e-ea2a-4b71-8a1f-8f0d7f9f0c98",
                "bd4f4761-4ff0-4198-ad74-ce2fd464b184",
                "79ca386f-77ad-4bb8-b3fc-b83cf4d68d0f",
                "081c7747-0dec-4385-bc7d-921b0529df18",
                "32bad846-3497-4651-98ab-6a0698311e2e"
              ],
              "failures": [],
              "pending": [],
              "skipped": [],
              "duration": 369,
              "root": false,
              "rootEmpty": false,
              "_timeout": 2000
            },
            {
              "uuid": "50b77630-f837-4284-b4b4-4bc803c1d233",
              "title": "Deve efetuar os testes negativos da rota",
              "fullFile": "",
              "file": "",
              "beforeHooks": [],
              "afterHooks": [],
              "tests": [
                {
                  "title": "Deve dar erro ao tentar cadastrar usuário já cadastrado possuindo status code 400 e propriedade 'message'",
                  "fullTitle": "Testes na rota /usuarios e validações de contrato Deve efetuar os testes negativos da rota Deve dar erro ao tentar cadastrar usuário já cadastrado possuindo status code 400 e propriedade 'message'",
                  "timedOut": null,
                  "duration": 47,
                  "state": "passed",
                  "speed": "fast",
                  "pass": true,
                  "fail": false,
                  "pending": false,
                  "context": null,
                  "code": "let usuario = _factory.default.UsuarioExistente();\ncy.cadastrarUsuario(usuario).then(res => {\n  expect(res.status).to.be.equal(400);\n  expect(res.body).to.have.property(\"message\").to.be.equal(\"Este email já está sendo usado\");\n  cy.validarContrato(res, \"post_usuarios\", 400).then(validacao => {\n    expect(validacao).to.be.equal(\"Contrato validado!\");\n  });\n});",
                  "err": {},
                  "uuid": "5b703bcb-7421-4f82-984b-4ab530fd1329",
                  "parentUUID": "50b77630-f837-4284-b4b4-4bc803c1d233",
                  "isHook": false,
                  "skipped": false
                },
                {
                  "title": "Deve dar erro ao buscar usuário por ID possuindo status code 400 epropriedade 'message'",
                  "fullTitle": "Testes na rota /usuarios e validações de contrato Deve efetuar os testes negativos da rota Deve dar erro ao buscar usuário por ID possuindo status code 400 epropriedade 'message'",
                  "timedOut": null,
                  "duration": 47,
                  "state": "passed",
                  "speed": "fast",
                  "pass": true,
                  "fail": false,
                  "pending": false,
                  "context": null,
                  "code": "cy.buscarUsuarioId().then(res => {\n  expect(res.status).to.be.equal(400);\n  expect(res.body).to.have.property(\"message\").to.be.equal(\"Usuário não encontrado\");\n  cy.validarContrato(res, \"get_usuarios_id\", 400).then(validacao => {\n    expect(validacao).to.be.equal(\"Contrato validado!\");\n  });\n});",
                  "err": {},
                  "uuid": "f133cd1f-9757-437f-b849-d4e4cf5d46de",
                  "parentUUID": "50b77630-f837-4284-b4b4-4bc803c1d233",
                  "isHook": false,
                  "skipped": false
                },
                {
                  "title": "Deve dar erro ao editar usuário com email já cadastrado possuindo status code 400 e prorpiedade 'message'",
                  "fullTitle": "Testes na rota /usuarios e validações de contrato Deve efetuar os testes negativos da rota Deve dar erro ao editar usuário com email já cadastrado possuindo status code 400 e prorpiedade 'message'",
                  "timedOut": null,
                  "duration": 57,
                  "state": "passed",
                  "speed": "fast",
                  "pass": true,
                  "fail": false,
                  "pending": false,
                  "context": null,
                  "code": "let body = _factory.default.UsuarioExistente();\ncy.editarUsuario(usuarioId, body).then(res => {\n  expect(res.status).to.be.equal(400);\n  expect(res.body).to.have.property(\"message\").equal(\"Este email já está sendo usado\");\n  cy.validarContrato(res, \"put_usuarios_id\", 400).then(validacao => {\n    expect(validacao).to.be.equal(\"Contrato validado!\");\n  });\n});",
                  "err": {},
                  "uuid": "01b56cb2-cfa6-4b93-8647-8d81cd09c3f0",
                  "parentUUID": "50b77630-f837-4284-b4b4-4bc803c1d233",
                  "isHook": false,
                  "skipped": false
                }
              ],
              "suites": [],
              "passes": [
                "5b703bcb-7421-4f82-984b-4ab530fd1329",
                "f133cd1f-9757-437f-b849-d4e4cf5d46de",
                "01b56cb2-cfa6-4b93-8647-8d81cd09c3f0"
              ],
              "failures": [],
              "pending": [],
              "skipped": [],
              "duration": 151,
              "root": false,
              "rootEmpty": false,
              "_timeout": 2000
            }
          ],
          "passes": [],
          "failures": [],
          "pending": [],
          "skipped": [],
          "duration": 0,
          "root": false,
          "rootEmpty": false,
          "_timeout": 2000
        }
      ],
      "passes": [],
      "failures": [],
      "pending": [],
      "skipped": [],
      "duration": 0,
      "root": true,
      "rootEmpty": true,
      "_timeout": 2000
    }
  ],
  "meta": {
    "mocha": {
      "version": "7.0.1"
    },
    "mochawesome": {
      "options": {
        "quiet": false,
        "reportFilename": "mochawesome",
        "saveHtml": false,
        "saveJson": true,
        "consoleReporter": "spec",
        "useInlineDiffs": false,
        "code": true
      },
      "version": "7.0.1"
    },
    "marge": {
      "options": {
        "reportDir": "cypress/report/mochawesome-report",
        "overwrite": false,
        "html": false,
        "json": true,
        "timestamp": "yyyymmdd_HHMMss",
        "reportTitle": "Relatório dos testes",
        "cdn": true,
        "charts": true
      },
      "version": "6.0.1"
    }
  }
}