{
  "stats": {
    "suites": 2,
    "tests": 2,
    "passes": 2,
    "pending": 0,
    "failures": 0,
    "start": "2021-11-10T16:41:13.905Z",
    "end": "2021-11-10T16:41:14.275Z",
    "duration": 370,
    "testsRegistered": 2,
    "passPercent": 100,
    "pendingPercent": 0,
    "other": 0,
    "hasOther": false,
    "skipped": 0,
    "hasSkipped": false
  },
  "results": [
    {
      "uuid": "cc0682ee-d895-4948-a068-2ba34d9abf58",
      "title": "",
      "fullFile": "cypress/integration/api_carrinho.spec.js",
      "file": "cypress/integration/api_carrinho.spec.js",
      "beforeHooks": [],
      "afterHooks": [],
      "tests": [],
      "suites": [
        {
          "uuid": "046efe14-e4a5-45dc-98a7-7d1ea5d54988",
          "title": "Teste da rota /login para execução posterior da rota /carrinhos",
          "fullFile": "",
          "file": "",
          "beforeHooks": [],
          "afterHooks": [],
          "tests": [
            {
              "title": "Deve validar o login com status code 200 e authorization",
              "fullTitle": "Teste da rota /login para execução posterior da rota /carrinhos Deve validar o login com status code 200 e authorization",
              "timedOut": null,
              "duration": 310,
              "state": "passed",
              "speed": "fast",
              "pass": true,
              "fail": false,
              "pending": false,
              "context": null,
              "code": "cy.fixture(\"loginCredentials\").then(user => {\n  cy.logar(user.valido).then(res => {\n    expect(res.status).to.equal(200);\n    expect(res.body).to.have.property(\"authorization\");\n  });\n});",
              "err": {},
              "uuid": "ffeb29bc-871e-416c-899d-fd4fb5dc13e5",
              "parentUUID": "046efe14-e4a5-45dc-98a7-7d1ea5d54988",
              "isHook": false,
              "skipped": false
            }
          ],
          "suites": [],
          "passes": [
            "ffeb29bc-871e-416c-899d-fd4fb5dc13e5"
          ],
          "failures": [],
          "pending": [],
          "skipped": [],
          "duration": 310,
          "root": false,
          "rootEmpty": false,
          "_timeout": 2000
        },
        {
          "uuid": "5b52aac3-bbef-41c3-85f1-6f2f42646248",
          "title": "Testes na rota /carrinhos e validações de contrato",
          "fullFile": "",
          "file": "",
          "beforeHooks": [],
          "afterHooks": [],
          "tests": [
            {
              "title": "Deve listar carrinhos cadastrados possuindo statys code 200e propriedade 'quantidade' e 'carrinhos'",
              "fullTitle": "Testes na rota /carrinhos e validações de contrato Deve listar carrinhos cadastrados possuindo statys code 200e propriedade 'quantidade' e 'carrinhos'",
              "timedOut": null,
              "duration": 48,
              "state": "passed",
              "speed": "fast",
              "pass": true,
              "fail": false,
              "pending": false,
              "context": null,
              "code": "cy.listarCarrinhos().then(res => {\n  expect(res.status).to.be.equal(200);\n  expect(res.body).to.have.property(\"quantidade\");\n  expect(res.body).to.have.property(\"carrinhos\"); //cy.validarContrato(res, \"get_carrinhos\", 200).then(validacao =>{\n  // expect(validacao).to.be.equal(\"Contrato validado!\")\n  // }) \n});",
              "err": {},
              "uuid": "4f3fd925-bfe8-4ef4-a8ec-4f886ec5dc72",
              "parentUUID": "5b52aac3-bbef-41c3-85f1-6f2f42646248",
              "isHook": false,
              "skipped": false
            }
          ],
          "suites": [],
          "passes": [
            "4f3fd925-bfe8-4ef4-a8ec-4f886ec5dc72"
          ],
          "failures": [],
          "pending": [],
          "skipped": [],
          "duration": 48,
          "root": false,
          "rootEmpty": false,
          "_timeout": 2000
        }
      ],
      "passes": [],
      "failures": [],
      "pending": [],
      "skipped": [],
      "duration": 0,
      "root": true,
      "rootEmpty": true,
      "_timeout": 2000
    }
  ],
  "meta": {
    "mocha": {
      "version": "7.0.1"
    },
    "mochawesome": {
      "options": {
        "quiet": false,
        "reportFilename": "mochawesome",
        "saveHtml": false,
        "saveJson": true,
        "consoleReporter": "spec",
        "useInlineDiffs": false,
        "code": true
      },
      "version": "7.0.1"
    },
    "marge": {
      "options": {
        "reportDir": "cypress/report/mochawesome-report",
        "overwrite": false,
        "html": false,
        "json": true,
        "timestamp": "yyyymmdd_HHMMss",
        "reportTitle": "Relatório dos testes",
        "cdn": true,
        "charts": true
      },
      "version": "6.0.1"
    }
  }
}