{
  "stats": {
    "suites": 1,
    "tests": 3,
    "passes": 3,
    "pending": 0,
    "failures": 0,
    "start": "2021-11-10T17:47:57.629Z",
    "end": "2021-11-10T17:48:18.672Z",
    "duration": 21043,
    "testsRegistered": 3,
    "passPercent": 100,
    "pendingPercent": 0,
    "other": 0,
    "hasOther": false,
    "skipped": 0,
    "hasSkipped": false
  },
  "results": [
    {
      "uuid": "928c832c-19ea-4fb0-9446-60b65dc7c260",
      "title": "",
      "fullFile": "cypress/integration/front_registrando_usuarios.spec.js",
      "file": "cypress/integration/front_registrando_usuarios.spec.js",
      "beforeHooks": [],
      "afterHooks": [],
      "tests": [],
      "suites": [
        {
          "uuid": "826077bf-9dbf-4a50-a90e-30b7ec482d7c",
          "title": "Testes na rota cadastro de usuário",
          "fullFile": "",
          "file": "",
          "beforeHooks": [],
          "afterHooks": [],
          "tests": [
            {
              "title": "Validando URL - mensagem de Cadastro realizado com sucesso e boas vindas",
              "fullTitle": "Testes na rota cadastro de usuário Validando URL - mensagem de Cadastro realizado com sucesso e boas vindas",
              "timedOut": null,
              "duration": 6895,
              "state": "passed",
              "speed": "medium",
              "pass": true,
              "fail": false,
              "pending": false,
              "context": null,
              "code": "_register_user.default.validarMsgCadastroRealizado();\n_register_user.default.validarUrl();\n_register_user.default.validarMsgBoasVindas();\n_register_user.default.validarMsgBoasVindasNome();",
              "err": {},
              "uuid": "b8e98933-58e2-4e8b-b49a-6d45ad69187c",
              "parentUUID": "826077bf-9dbf-4a50-a90e-30b7ec482d7c",
              "isHook": false,
              "skipped": false
            },
            {
              "title": "Validando Textos dos componentes",
              "fullTitle": "Testes na rota cadastro de usuário Validando Textos dos componentes",
              "timedOut": null,
              "duration": 6093,
              "state": "passed",
              "speed": "medium",
              "pass": true,
              "fail": false,
              "pending": false,
              "context": null,
              "code": "_register_user.default.validandoComponentes();",
              "err": {},
              "uuid": "077e92c6-e37b-44f3-bb9c-3b02550e0dea",
              "parentUUID": "826077bf-9dbf-4a50-a90e-30b7ec482d7c",
              "isHook": false,
              "skipped": false
            },
            {
              "title": "Validando se o usuário cadastrado aparece na lista",
              "fullTitle": "Testes na rota cadastro de usuário Validando se o usuário cadastrado aparece na lista",
              "timedOut": null,
              "duration": 4917,
              "state": "passed",
              "speed": "fast",
              "pass": true,
              "fail": false,
              "pending": false,
              "context": null,
              "code": "_register_user.default.acessarListaUser();\n_register_user.default.validaUsuarioCriado();",
              "err": {},
              "uuid": "34b2fea0-f1de-4d8a-b4ce-fc2c6567b8da",
              "parentUUID": "826077bf-9dbf-4a50-a90e-30b7ec482d7c",
              "isHook": false,
              "skipped": false
            }
          ],
          "suites": [],
          "passes": [
            "b8e98933-58e2-4e8b-b49a-6d45ad69187c",
            "077e92c6-e37b-44f3-bb9c-3b02550e0dea",
            "34b2fea0-f1de-4d8a-b4ce-fc2c6567b8da"
          ],
          "failures": [],
          "pending": [],
          "skipped": [],
          "duration": 17905,
          "root": false,
          "rootEmpty": false,
          "_timeout": 2000
        }
      ],
      "passes": [],
      "failures": [],
      "pending": [],
      "skipped": [],
      "duration": 0,
      "root": true,
      "rootEmpty": true,
      "_timeout": 2000
    }
  ],
  "meta": {
    "mocha": {
      "version": "7.0.1"
    },
    "mochawesome": {
      "options": {
        "quiet": false,
        "reportFilename": "mochawesome",
        "saveHtml": false,
        "saveJson": true,
        "consoleReporter": "spec",
        "useInlineDiffs": false,
        "code": true
      },
      "version": "7.0.1"
    },
    "marge": {
      "options": {
        "reportDir": "cypress/report/mochawesome-report",
        "overwrite": false,
        "html": false,
        "json": true,
        "timestamp": "yyyymmdd_HHMMss",
        "reportTitle": "Relatório dos testes",
        "cdn": true,
        "charts": true
      },
      "version": "6.0.1"
    }
  }
}