{
  "stats": {
    "suites": 2,
    "tests": 2,
    "passes": 2,
    "pending": 0,
    "failures": 0,
    "start": "2021-11-10T17:46:54.937Z",
    "end": "2021-11-10T17:46:55.539Z",
    "duration": 602,
    "testsRegistered": 2,
    "passPercent": 100,
    "pendingPercent": 0,
    "other": 0,
    "hasOther": false,
    "skipped": 0,
    "hasSkipped": false
  },
  "results": [
    {
      "uuid": "9d689317-5b0e-44e4-8736-1cd7b0aeb7df",
      "title": "",
      "fullFile": "cypress/integration/api_carrinho.spec.js",
      "file": "cypress/integration/api_carrinho.spec.js",
      "beforeHooks": [],
      "afterHooks": [],
      "tests": [],
      "suites": [
        {
          "uuid": "c3d7a43e-726c-43ea-8815-922e70c05378",
          "title": "Teste da rota /login para execução posterior da rota /carrinhos",
          "fullFile": "",
          "file": "",
          "beforeHooks": [],
          "afterHooks": [],
          "tests": [
            {
              "title": "Deve validar o login com status code 200 e authorization",
              "fullTitle": "Teste da rota /login para execução posterior da rota /carrinhos Deve validar o login com status code 200 e authorization",
              "timedOut": null,
              "duration": 540,
              "state": "passed",
              "speed": "fast",
              "pass": true,
              "fail": false,
              "pending": false,
              "context": null,
              "code": "cy.fixture(\"loginCredentials\").then(user => {\n  cy.logar(user.valido).then(res => {\n    expect(res.status).to.equal(200);\n    expect(res.body).to.have.property(\"authorization\");\n  });\n});",
              "err": {},
              "uuid": "c75fa446-58af-4a63-835c-bef1aecf0a11",
              "parentUUID": "c3d7a43e-726c-43ea-8815-922e70c05378",
              "isHook": false,
              "skipped": false
            }
          ],
          "suites": [],
          "passes": [
            "c75fa446-58af-4a63-835c-bef1aecf0a11"
          ],
          "failures": [],
          "pending": [],
          "skipped": [],
          "duration": 540,
          "root": false,
          "rootEmpty": false,
          "_timeout": 2000
        },
        {
          "uuid": "00da780a-c40e-4f30-bcb1-cf72ed44c951",
          "title": "Testes na rota /carrinhos e validações de contrato",
          "fullFile": "",
          "file": "",
          "beforeHooks": [],
          "afterHooks": [],
          "tests": [
            {
              "title": "Deve listar carrinhos cadastrados possuindo statys code 200e propriedade 'quantidade' e 'carrinhos'",
              "fullTitle": "Testes na rota /carrinhos e validações de contrato Deve listar carrinhos cadastrados possuindo statys code 200e propriedade 'quantidade' e 'carrinhos'",
              "timedOut": null,
              "duration": 48,
              "state": "passed",
              "speed": "fast",
              "pass": true,
              "fail": false,
              "pending": false,
              "context": null,
              "code": "cy.listarCarrinhos().then(res => {\n  expect(res.status).to.be.equal(200);\n  expect(res.body).to.have.property(\"quantidade\");\n  expect(res.body).to.have.property(\"carrinhos\"); //cy.validarContrato(res, \"get_carrinhos\", 200).then(validacao =>{\n  // expect(validacao).to.be.equal(\"Contrato validado!\")\n  // }) \n});",
              "err": {},
              "uuid": "6ffd0d80-76f9-45ed-ba14-528e4e72ec11",
              "parentUUID": "00da780a-c40e-4f30-bcb1-cf72ed44c951",
              "isHook": false,
              "skipped": false
            }
          ],
          "suites": [],
          "passes": [
            "6ffd0d80-76f9-45ed-ba14-528e4e72ec11"
          ],
          "failures": [],
          "pending": [],
          "skipped": [],
          "duration": 48,
          "root": false,
          "rootEmpty": false,
          "_timeout": 2000
        }
      ],
      "passes": [],
      "failures": [],
      "pending": [],
      "skipped": [],
      "duration": 0,
      "root": true,
      "rootEmpty": true,
      "_timeout": 2000
    }
  ],
  "meta": {
    "mocha": {
      "version": "7.0.1"
    },
    "mochawesome": {
      "options": {
        "quiet": false,
        "reportFilename": "mochawesome",
        "saveHtml": false,
        "saveJson": true,
        "consoleReporter": "spec",
        "useInlineDiffs": false,
        "code": true
      },
      "version": "7.0.1"
    },
    "marge": {
      "options": {
        "reportDir": "cypress/report/mochawesome-report",
        "overwrite": false,
        "html": false,
        "json": true,
        "timestamp": "yyyymmdd_HHMMss",
        "reportTitle": "Relatório dos testes",
        "cdn": true,
        "charts": true
      },
      "version": "6.0.1"
    }
  }
}