{
  "stats": {
    "suites": 1,
    "tests": 1,
    "passes": 1,
    "pending": 0,
    "failures": 0,
    "start": "2021-11-10T17:52:27.329Z",
    "end": "2021-11-10T17:52:33.415Z",
    "duration": 6086,
    "testsRegistered": 1,
    "passPercent": 100,
    "pendingPercent": 0,
    "other": 0,
    "hasOther": false,
    "skipped": 0,
    "hasSkipped": false
  },
  "results": [
    {
      "uuid": "42fa454e-9a2b-499a-9f00-438857900ff5",
      "title": "",
      "fullFile": "cypress/integration/front_listar_usuarios.spec.js",
      "file": "cypress/integration/front_listar_usuarios.spec.js",
      "beforeHooks": [],
      "afterHooks": [],
      "tests": [],
      "suites": [
        {
          "uuid": "8a7f2e3f-a959-418f-b741-a0334a6b147a",
          "title": "Teste na camada Listar Usuarios",
          "fullFile": "",
          "file": "",
          "beforeHooks": [],
          "afterHooks": [],
          "tests": [
            {
              "title": "Listar Usuarios",
              "fullTitle": "Teste na camada Listar Usuarios Listar Usuarios",
              "timedOut": null,
              "duration": 3267,
              "state": "passed",
              "speed": "fast",
              "pass": true,
              "fail": false,
              "pending": false,
              "context": null,
              "code": "_listar_usuarios.default.clicar_botão_listar();\n_listar_usuarios.default.validarUrl();",
              "err": {},
              "uuid": "871b0294-69fe-4573-ac80-3eb6f464813a",
              "parentUUID": "8a7f2e3f-a959-418f-b741-a0334a6b147a",
              "isHook": false,
              "skipped": false
            }
          ],
          "suites": [],
          "passes": [
            "871b0294-69fe-4573-ac80-3eb6f464813a"
          ],
          "failures": [],
          "pending": [],
          "skipped": [],
          "duration": 3267,
          "root": false,
          "rootEmpty": false,
          "_timeout": 2000
        }
      ],
      "passes": [],
      "failures": [],
      "pending": [],
      "skipped": [],
      "duration": 0,
      "root": true,
      "rootEmpty": true,
      "_timeout": 2000
    }
  ],
  "meta": {
    "mocha": {
      "version": "7.0.1"
    },
    "mochawesome": {
      "options": {
        "quiet": false,
        "reportFilename": "mochawesome",
        "saveHtml": false,
        "saveJson": true,
        "consoleReporter": "spec",
        "useInlineDiffs": false,
        "code": true
      },
      "version": "7.0.1"
    },
    "marge": {
      "options": {
        "reportDir": "cypress/report/mochawesome-report",
        "overwrite": false,
        "html": false,
        "json": true,
        "timestamp": "yyyymmdd_HHMMss",
        "reportTitle": "Relatório dos testes",
        "cdn": true,
        "charts": true
      },
      "version": "6.0.1"
    }
  }
}