{
  "stats": {
    "suites": 1,
    "tests": 5,
    "passes": 5,
    "pending": 0,
    "failures": 0,
    "start": "2021-11-10T17:52:36.646Z",
    "end": "2021-11-10T17:52:47.041Z",
    "duration": 10395,
    "testsRegistered": 5,
    "passPercent": 100,
    "pendingPercent": 0,
    "other": 0,
    "hasOther": false,
    "skipped": 0,
    "hasSkipped": false
  },
  "results": [
    {
      "uuid": "8cb8bbe0-6e41-44de-8bb8-d3766cfdca75",
      "title": "",
      "fullFile": "cypress/integration/front_login.spec.js",
      "file": "cypress/integration/front_login.spec.js",
      "beforeHooks": [],
      "afterHooks": [],
      "tests": [],
      "suites": [
        {
          "uuid": "1a9c6bbf-f71f-4d1f-950f-067001c57f23",
          "title": "Testes na rota login",
          "fullFile": "",
          "file": "",
          "beforeHooks": [],
          "afterHooks": [],
          "tests": [
            {
              "title": "Logar com sucesso",
              "fullTitle": "Testes na rota login Logar com sucesso",
              "timedOut": null,
              "duration": 2800,
              "state": "passed",
              "speed": "fast",
              "pass": true,
              "fail": false,
              "pending": false,
              "context": null,
              "code": "_login.default.preencherEmail();\n_login.default.preencherSenha();\n_login.default.clicarBtEntrar();\n_login.default.validarUrl('/admin/home');\n_login.default.clicarBtLogout();",
              "err": {},
              "uuid": "8fbc7767-becd-4a77-8eef-995dac506786",
              "parentUUID": "1a9c6bbf-f71f-4d1f-950f-067001c57f23",
              "isHook": false,
              "skipped": false
            },
            {
              "title": "Logar sem a senha",
              "fullTitle": "Testes na rota login Logar sem a senha",
              "timedOut": null,
              "duration": 1467,
              "state": "passed",
              "speed": "fast",
              "pass": true,
              "fail": false,
              "pending": false,
              "context": null,
              "code": "_login.default.preencherEmail();\n_login.default.clicarBtEntrar();\n_login.default.validarAlerta(\"Password é obrigatório\");",
              "err": {},
              "uuid": "1c62625d-2b27-44e3-b9fe-e357654cfc04",
              "parentUUID": "1a9c6bbf-f71f-4d1f-950f-067001c57f23",
              "isHook": false,
              "skipped": false
            },
            {
              "title": "Logar sem email",
              "fullTitle": "Testes na rota login Logar sem email",
              "timedOut": null,
              "duration": 2007,
              "state": "passed",
              "speed": "fast",
              "pass": true,
              "fail": false,
              "pending": false,
              "context": null,
              "code": "_login.default.preencherSenha();\n_login.default.clicarBtEntrar();\n_login.default.validarAlerta(\"Email é obrigatório\");",
              "err": {},
              "uuid": "7c3c0c99-92e8-42f4-899d-e17c950087fe",
              "parentUUID": "1a9c6bbf-f71f-4d1f-950f-067001c57f23",
              "isHook": false,
              "skipped": false
            },
            {
              "title": "Logar sem preencher campos",
              "fullTitle": "Testes na rota login Logar sem preencher campos",
              "timedOut": null,
              "duration": 975,
              "state": "passed",
              "speed": "fast",
              "pass": true,
              "fail": false,
              "pending": false,
              "context": null,
              "code": "_login.default.clicarBtEntrar();\n_login.default.validarAlerta(\"Password é obrigatório\");\n_login.default.validarAlerta(\"Email é obrigatório\");",
              "err": {},
              "uuid": "5ee000a1-311c-4f6e-9aad-249deb480c84",
              "parentUUID": "1a9c6bbf-f71f-4d1f-950f-067001c57f23",
              "isHook": false,
              "skipped": false
            },
            {
              "title": "Validar componentes /login",
              "fullTitle": "Testes na rota login Validar componentes /login",
              "timedOut": null,
              "duration": 905,
              "state": "passed",
              "speed": "fast",
              "pass": true,
              "fail": false,
              "pending": false,
              "context": null,
              "code": "_login.default.validarComponentesLogin();",
              "err": {},
              "uuid": "d6b3986d-d900-4ee2-a7ba-1e19475dd054",
              "parentUUID": "1a9c6bbf-f71f-4d1f-950f-067001c57f23",
              "isHook": false,
              "skipped": false
            }
          ],
          "suites": [],
          "passes": [
            "8fbc7767-becd-4a77-8eef-995dac506786",
            "1c62625d-2b27-44e3-b9fe-e357654cfc04",
            "7c3c0c99-92e8-42f4-899d-e17c950087fe",
            "5ee000a1-311c-4f6e-9aad-249deb480c84",
            "d6b3986d-d900-4ee2-a7ba-1e19475dd054"
          ],
          "failures": [],
          "pending": [],
          "skipped": [],
          "duration": 8154,
          "root": false,
          "rootEmpty": false,
          "_timeout": 2000
        }
      ],
      "passes": [],
      "failures": [],
      "pending": [],
      "skipped": [],
      "duration": 0,
      "root": true,
      "rootEmpty": true,
      "_timeout": 2000
    }
  ],
  "meta": {
    "mocha": {
      "version": "7.0.1"
    },
    "mochawesome": {
      "options": {
        "quiet": false,
        "reportFilename": "mochawesome",
        "saveHtml": false,
        "saveJson": true,
        "consoleReporter": "spec",
        "useInlineDiffs": false,
        "code": true
      },
      "version": "7.0.1"
    },
    "marge": {
      "options": {
        "reportDir": "cypress/report/mochawesome-report",
        "overwrite": false,
        "html": false,
        "json": true,
        "timestamp": "yyyymmdd_HHMMss",
        "reportTitle": "Relatório dos testes",
        "cdn": true,
        "charts": true
      },
      "version": "6.0.1"
    }
  }
}