{
  "stats": {
    "suites": 1,
    "tests": 4,
    "passes": 4,
    "pending": 0,
    "failures": 0,
    "start": "2021-11-10T17:47:33.347Z",
    "end": "2021-11-10T17:47:41.987Z",
    "duration": 8640,
    "testsRegistered": 4,
    "passPercent": 100,
    "pendingPercent": 0,
    "other": 0,
    "hasOther": false,
    "skipped": 0,
    "hasSkipped": false
  },
  "results": [
    {
      "uuid": "6e3c07e6-39ed-4f59-8b70-946c55b00114",
      "title": "",
      "fullFile": "cypress/integration/front_login.spec.js",
      "file": "cypress/integration/front_login.spec.js",
      "beforeHooks": [],
      "afterHooks": [],
      "tests": [],
      "suites": [
        {
          "uuid": "d63f0106-0028-41b4-a3a4-6d76fe0b1430",
          "title": "Testes na rota login",
          "fullFile": "",
          "file": "",
          "beforeHooks": [],
          "afterHooks": [],
          "tests": [
            {
              "title": "Logar sem a senha",
              "fullTitle": "Testes na rota login Logar sem a senha",
              "timedOut": null,
              "duration": 2770,
              "state": "passed",
              "speed": "fast",
              "pass": true,
              "fail": false,
              "pending": false,
              "context": null,
              "code": "_login.default.preencherEmail();\n_login.default.clicarBtEntrar();\n_login.default.validarAlerta(\"Password é obrigatório\");",
              "err": {},
              "uuid": "2498adef-70a7-4b9b-8962-91b2d00343aa",
              "parentUUID": "d63f0106-0028-41b4-a3a4-6d76fe0b1430",
              "isHook": false,
              "skipped": false
            },
            {
              "title": "Logar sem email",
              "fullTitle": "Testes na rota login Logar sem email",
              "timedOut": null,
              "duration": 1134,
              "state": "passed",
              "speed": "fast",
              "pass": true,
              "fail": false,
              "pending": false,
              "context": null,
              "code": "_login.default.preencherSenha();\n_login.default.clicarBtEntrar();\n_login.default.validarAlerta(\"Email é obrigatório\");",
              "err": {},
              "uuid": "46461d8b-5419-40d3-b81f-c58ed0495bf2",
              "parentUUID": "d63f0106-0028-41b4-a3a4-6d76fe0b1430",
              "isHook": false,
              "skipped": false
            },
            {
              "title": "Logar sem preencher campos",
              "fullTitle": "Testes na rota login Logar sem preencher campos",
              "timedOut": null,
              "duration": 945,
              "state": "passed",
              "speed": "fast",
              "pass": true,
              "fail": false,
              "pending": false,
              "context": null,
              "code": "_login.default.clicarBtEntrar();\n_login.default.validarAlerta(\"Password é obrigatório\");\n_login.default.validarAlerta(\"Email é obrigatório\");",
              "err": {},
              "uuid": "9fbd844e-6982-46da-86a4-662cb8e11617",
              "parentUUID": "d63f0106-0028-41b4-a3a4-6d76fe0b1430",
              "isHook": false,
              "skipped": false
            },
            {
              "title": "Validar componentes /login",
              "fullTitle": "Testes na rota login Validar componentes /login",
              "timedOut": null,
              "duration": 887,
              "state": "passed",
              "speed": "fast",
              "pass": true,
              "fail": false,
              "pending": false,
              "context": null,
              "code": "_login.default.validarComponentesLogin();",
              "err": {},
              "uuid": "d5b1efc9-5b66-4206-aabd-54f55370f893",
              "parentUUID": "d63f0106-0028-41b4-a3a4-6d76fe0b1430",
              "isHook": false,
              "skipped": false
            }
          ],
          "suites": [],
          "passes": [
            "2498adef-70a7-4b9b-8962-91b2d00343aa",
            "46461d8b-5419-40d3-b81f-c58ed0495bf2",
            "9fbd844e-6982-46da-86a4-662cb8e11617",
            "d5b1efc9-5b66-4206-aabd-54f55370f893"
          ],
          "failures": [],
          "pending": [],
          "skipped": [],
          "duration": 5736,
          "root": false,
          "rootEmpty": false,
          "_timeout": 2000
        }
      ],
      "passes": [],
      "failures": [],
      "pending": [],
      "skipped": [],
      "duration": 0,
      "root": true,
      "rootEmpty": true,
      "_timeout": 2000
    }
  ],
  "meta": {
    "mocha": {
      "version": "7.0.1"
    },
    "mochawesome": {
      "options": {
        "quiet": false,
        "reportFilename": "mochawesome",
        "saveHtml": false,
        "saveJson": true,
        "consoleReporter": "spec",
        "useInlineDiffs": false,
        "code": true
      },
      "version": "7.0.1"
    },
    "marge": {
      "options": {
        "reportDir": "cypress/report/mochawesome-report",
        "overwrite": false,
        "html": false,
        "json": true,
        "timestamp": "yyyymmdd_HHMMss",
        "reportTitle": "Relatório dos testes",
        "cdn": true,
        "charts": true
      },
      "version": "6.0.1"
    }
  }
}