{
  "stats": {
    "suites": 2,
    "tests": 2,
    "passes": 2,
    "pending": 0,
    "failures": 0,
    "start": "2021-11-10T17:52:00.071Z",
    "end": "2021-11-10T17:52:00.362Z",
    "duration": 291,
    "testsRegistered": 2,
    "passPercent": 100,
    "pendingPercent": 0,
    "other": 0,
    "hasOther": false,
    "skipped": 0,
    "hasSkipped": false
  },
  "results": [
    {
      "uuid": "e3372991-0805-4afd-b7bf-e2dc1786dd41",
      "title": "",
      "fullFile": "cypress/integration/api_carrinho.spec.js",
      "file": "cypress/integration/api_carrinho.spec.js",
      "beforeHooks": [],
      "afterHooks": [],
      "tests": [],
      "suites": [
        {
          "uuid": "7c2c527b-55c0-40bf-85e5-948deddbeeae",
          "title": "Teste da rota /login para execução posterior da rota /carrinhos",
          "fullFile": "",
          "file": "",
          "beforeHooks": [],
          "afterHooks": [],
          "tests": [
            {
              "title": "Deve validar o login com status code 200 e authorization",
              "fullTitle": "Teste da rota /login para execução posterior da rota /carrinhos Deve validar o login com status code 200 e authorization",
              "timedOut": null,
              "duration": 230,
              "state": "passed",
              "speed": "fast",
              "pass": true,
              "fail": false,
              "pending": false,
              "context": null,
              "code": "cy.fixture(\"loginCredentials\").then(user => {\n  cy.logar(user.valido).then(res => {\n    expect(res.status).to.equal(200);\n    expect(res.body).to.have.property(\"authorization\");\n  });\n});",
              "err": {},
              "uuid": "11e6631f-2ef0-4bb5-ab19-903b41ae7ed2",
              "parentUUID": "7c2c527b-55c0-40bf-85e5-948deddbeeae",
              "isHook": false,
              "skipped": false
            }
          ],
          "suites": [],
          "passes": [
            "11e6631f-2ef0-4bb5-ab19-903b41ae7ed2"
          ],
          "failures": [],
          "pending": [],
          "skipped": [],
          "duration": 230,
          "root": false,
          "rootEmpty": false,
          "_timeout": 2000
        },
        {
          "uuid": "d523ca5e-eb5a-44ba-91ff-515e8653b63c",
          "title": "Testes na rota /carrinhos e validações de contrato",
          "fullFile": "",
          "file": "",
          "beforeHooks": [],
          "afterHooks": [],
          "tests": [
            {
              "title": "Deve listar carrinhos cadastrados possuindo statys code 200 e propriedade 'quantidade' e 'carrinhos'",
              "fullTitle": "Testes na rota /carrinhos e validações de contrato Deve listar carrinhos cadastrados possuindo statys code 200 e propriedade 'quantidade' e 'carrinhos'",
              "timedOut": null,
              "duration": 47,
              "state": "passed",
              "speed": "fast",
              "pass": true,
              "fail": false,
              "pending": false,
              "context": null,
              "code": "cy.listarCarrinhos().then(res => {\n  expect(res.status).to.be.equal(200);\n  expect(res.body).to.have.property(\"quantidade\");\n  expect(res.body).to.have.property(\"carrinhos\"); //cy.validarContrato(res, \"get_carrinhos\", 200).then(validacao =>{\n  // expect(validacao).to.be.equal(\"Contrato validado!\")\n  // }) \n});",
              "err": {},
              "uuid": "17a1de9d-16a4-4778-8058-1c9e16d554b9",
              "parentUUID": "d523ca5e-eb5a-44ba-91ff-515e8653b63c",
              "isHook": false,
              "skipped": false
            }
          ],
          "suites": [],
          "passes": [
            "17a1de9d-16a4-4778-8058-1c9e16d554b9"
          ],
          "failures": [],
          "pending": [],
          "skipped": [],
          "duration": 47,
          "root": false,
          "rootEmpty": false,
          "_timeout": 2000
        }
      ],
      "passes": [],
      "failures": [],
      "pending": [],
      "skipped": [],
      "duration": 0,
      "root": true,
      "rootEmpty": true,
      "_timeout": 2000
    }
  ],
  "meta": {
    "mocha": {
      "version": "7.0.1"
    },
    "mochawesome": {
      "options": {
        "quiet": false,
        "reportFilename": "mochawesome",
        "saveHtml": false,
        "saveJson": true,
        "consoleReporter": "spec",
        "useInlineDiffs": false,
        "code": true
      },
      "version": "7.0.1"
    },
    "marge": {
      "options": {
        "reportDir": "cypress/report/mochawesome-report",
        "overwrite": false,
        "html": false,
        "json": true,
        "timestamp": "yyyymmdd_HHMMss",
        "reportTitle": "Relatório dos testes",
        "cdn": true,
        "charts": true
      },
      "version": "6.0.1"
    }
  }
}