{
  "stats": {
    "suites": 1,
    "tests": 1,
    "passes": 1,
    "pending": 0,
    "failures": 0,
    "start": "2021-11-10T17:47:46.024Z",
    "end": "2021-11-10T17:47:53.899Z",
    "duration": 7875,
    "testsRegistered": 1,
    "passPercent": 100,
    "pendingPercent": 0,
    "other": 0,
    "hasOther": false,
    "skipped": 0,
    "hasSkipped": false
  },
  "results": [
    {
      "uuid": "2d12b5dd-fc43-49a1-846e-5fce65cfaeda",
      "title": "",
      "fullFile": "cypress/integration/front_registrando_produto.spec.js",
      "file": "cypress/integration/front_registrando_produto.spec.js",
      "beforeHooks": [],
      "afterHooks": [],
      "tests": [],
      "suites": [
        {
          "uuid": "fd0952e5-13c6-4fc2-8cf5-ddaec3995950",
          "title": "Testes na rota cadastro de produto",
          "fullFile": "",
          "file": "",
          "beforeHooks": [],
          "afterHooks": [],
          "tests": [
            {
              "title": "Cadastrando produto e validando na lista",
              "fullTitle": "Testes na rota cadastro de produto Cadastrando produto e validando na lista",
              "timedOut": null,
              "duration": 4908,
              "state": "passed",
              "speed": "fast",
              "pass": true,
              "fail": false,
              "pending": false,
              "context": null,
              "code": "_register_product.default.cadastrarProdutoAleatório();\n_register_product.default.clicarBtnCadastrar();\n_register_product.default.validarProdutoCriado();",
              "err": {},
              "uuid": "c5ebb6e6-204d-48af-9736-08dfc742ac73",
              "parentUUID": "fd0952e5-13c6-4fc2-8cf5-ddaec3995950",
              "isHook": false,
              "skipped": false
            }
          ],
          "suites": [],
          "passes": [
            "c5ebb6e6-204d-48af-9736-08dfc742ac73"
          ],
          "failures": [],
          "pending": [],
          "skipped": [],
          "duration": 4908,
          "root": false,
          "rootEmpty": false,
          "_timeout": 2000
        }
      ],
      "passes": [],
      "failures": [],
      "pending": [],
      "skipped": [],
      "duration": 0,
      "root": true,
      "rootEmpty": true,
      "_timeout": 2000
    }
  ],
  "meta": {
    "mocha": {
      "version": "7.0.1"
    },
    "mochawesome": {
      "options": {
        "quiet": false,
        "reportFilename": "mochawesome",
        "saveHtml": false,
        "saveJson": true,
        "consoleReporter": "spec",
        "useInlineDiffs": false,
        "code": true
      },
      "version": "7.0.1"
    },
    "marge": {
      "options": {
        "reportDir": "cypress/report/mochawesome-report",
        "overwrite": false,
        "html": false,
        "json": true,
        "timestamp": "yyyymmdd_HHMMss",
        "reportTitle": "Relatório dos testes",
        "cdn": true,
        "charts": true
      },
      "version": "6.0.1"
    }
  }
}