{
  "stats": {
    "suites": 1,
    "tests": 1,
    "passes": 1,
    "pending": 0,
    "failures": 0,
    "start": "2021-11-10T16:41:43.459Z",
    "end": "2021-11-10T16:41:50.185Z",
    "duration": 6726,
    "testsRegistered": 1,
    "passPercent": 100,
    "pendingPercent": 0,
    "other": 0,
    "hasOther": false,
    "skipped": 0,
    "hasSkipped": false
  },
  "results": [
    {
      "uuid": "e184c208-1023-4a6d-909c-399d9b459d4f",
      "title": "",
      "fullFile": "cypress/integration/front_listar_usuarios.spec.js",
      "file": "cypress/integration/front_listar_usuarios.spec.js",
      "beforeHooks": [],
      "afterHooks": [],
      "tests": [],
      "suites": [
        {
          "uuid": "95c38880-dd55-49e8-b7eb-1dcdedef5327",
          "title": "Teste na camada Listar Usuarios",
          "fullFile": "",
          "file": "",
          "beforeHooks": [],
          "afterHooks": [],
          "tests": [
            {
              "title": "Listar Usuarios",
              "fullTitle": "Teste na camada Listar Usuarios Listar Usuarios",
              "timedOut": null,
              "duration": 3329,
              "state": "passed",
              "speed": "fast",
              "pass": true,
              "fail": false,
              "pending": false,
              "context": null,
              "code": "_listar_usuarios.default.clicar_botão_listar();\n_listar_usuarios.default.validarUrl();",
              "err": {},
              "uuid": "fce09861-43cd-4d27-a48c-fd372ef8e506",
              "parentUUID": "95c38880-dd55-49e8-b7eb-1dcdedef5327",
              "isHook": false,
              "skipped": false
            }
          ],
          "suites": [],
          "passes": [
            "fce09861-43cd-4d27-a48c-fd372ef8e506"
          ],
          "failures": [],
          "pending": [],
          "skipped": [],
          "duration": 3329,
          "root": false,
          "rootEmpty": false,
          "_timeout": 2000
        }
      ],
      "passes": [],
      "failures": [],
      "pending": [],
      "skipped": [],
      "duration": 0,
      "root": true,
      "rootEmpty": true,
      "_timeout": 2000
    }
  ],
  "meta": {
    "mocha": {
      "version": "7.0.1"
    },
    "mochawesome": {
      "options": {
        "quiet": false,
        "reportFilename": "mochawesome",
        "saveHtml": false,
        "saveJson": true,
        "consoleReporter": "spec",
        "useInlineDiffs": false,
        "code": true
      },
      "version": "7.0.1"
    },
    "marge": {
      "options": {
        "reportDir": "cypress/report/mochawesome-report",
        "overwrite": false,
        "html": false,
        "json": true,
        "timestamp": "yyyymmdd_HHMMss",
        "reportTitle": "Relatório dos testes",
        "cdn": true,
        "charts": true
      },
      "version": "6.0.1"
    }
  }
}