{
  "stats": {
    "suites": 1,
    "tests": 1,
    "passes": 1,
    "pending": 0,
    "failures": 0,
    "start": "2021-11-10T17:47:11.179Z",
    "end": "2021-11-10T17:47:18.917Z",
    "duration": 7738,
    "testsRegistered": 1,
    "passPercent": 100,
    "pendingPercent": 0,
    "other": 0,
    "hasOther": false,
    "skipped": 0,
    "hasSkipped": false
  },
  "results": [
    {
      "uuid": "f95cdfa4-fc0d-43c8-964b-3f09992ee6a4",
      "title": "",
      "fullFile": "cypress/integration/front_listar_produtos.spec.js",
      "file": "cypress/integration/front_listar_produtos.spec.js",
      "beforeHooks": [],
      "afterHooks": [],
      "tests": [],
      "suites": [
        {
          "uuid": "b6f34896-6058-495d-a9fc-df9de5573209",
          "title": "Testar camada Listar Produto",
          "fullFile": "",
          "file": "",
          "beforeHooks": [],
          "afterHooks": [],
          "tests": [
            {
              "title": "Listar produtos e validar url",
              "fullTitle": "Testar camada Listar Produto Listar produtos e validar url",
              "timedOut": null,
              "duration": 3774,
              "state": "passed",
              "speed": "fast",
              "pass": true,
              "fail": false,
              "pending": false,
              "context": null,
              "code": "_listar_produtos.default.validarUrl();\n_listar_produtos.default.clicar_botão_listar_produtos();",
              "err": {},
              "uuid": "84ac5b01-1807-4341-b5ab-19ae8d8897e5",
              "parentUUID": "b6f34896-6058-495d-a9fc-df9de5573209",
              "isHook": false,
              "skipped": false
            }
          ],
          "suites": [],
          "passes": [
            "84ac5b01-1807-4341-b5ab-19ae8d8897e5"
          ],
          "failures": [],
          "pending": [],
          "skipped": [],
          "duration": 3774,
          "root": false,
          "rootEmpty": false,
          "_timeout": 2000
        }
      ],
      "passes": [],
      "failures": [],
      "pending": [],
      "skipped": [],
      "duration": 0,
      "root": true,
      "rootEmpty": true,
      "_timeout": 2000
    }
  ],
  "meta": {
    "mocha": {
      "version": "7.0.1"
    },
    "mochawesome": {
      "options": {
        "quiet": false,
        "reportFilename": "mochawesome",
        "saveHtml": false,
        "saveJson": true,
        "consoleReporter": "spec",
        "useInlineDiffs": false,
        "code": true
      },
      "version": "7.0.1"
    },
    "marge": {
      "options": {
        "reportDir": "cypress/report/mochawesome-report",
        "overwrite": false,
        "html": false,
        "json": true,
        "timestamp": "yyyymmdd_HHMMss",
        "reportTitle": "Relatório dos testes",
        "cdn": true,
        "charts": true
      },
      "version": "6.0.1"
    }
  }
}