{
  "stats": {
    "suites": 3,
    "tests": 7,
    "passes": 7,
    "pending": 0,
    "failures": 0,
    "start": "2021-11-10T17:52:03.678Z",
    "end": "2021-11-10T17:52:04.091Z",
    "duration": 413,
    "testsRegistered": 7,
    "passPercent": 100,
    "pendingPercent": 0,
    "other": 0,
    "hasOther": false,
    "skipped": 0,
    "hasSkipped": false
  },
  "results": [
    {
      "uuid": "75e79727-42b5-4ae3-8b7a-c61e4566193d",
      "title": "",
      "fullFile": "cypress/integration/api_login.spec.js",
      "file": "cypress/integration/api_login.spec.js",
      "beforeHooks": [],
      "afterHooks": [],
      "tests": [],
      "suites": [
        {
          "uuid": "db9ab281-c29e-490f-a2b5-36b065071ea6",
          "title": "Testes da rota /login",
          "fullFile": "",
          "file": "",
          "beforeHooks": [],
          "afterHooks": [],
          "tests": [],
          "suites": [
            {
              "uuid": "37cbe126-1307-453e-8b05-10cb57343057",
              "title": "Deve efetuar os testes positivos da rota",
              "fullFile": "",
              "file": "",
              "beforeHooks": [],
              "afterHooks": [],
              "tests": [
                {
                  "title": "Deve validar o login com status code 200 e authorization",
                  "fullTitle": "Testes da rota /login Deve efetuar os testes positivos da rota Deve validar o login com status code 200 e authorization",
                  "timedOut": null,
                  "duration": 59,
                  "state": "passed",
                  "speed": "fast",
                  "pass": true,
                  "fail": false,
                  "pending": false,
                  "context": null,
                  "code": "cy.fixture(\"loginCredentials\").then(user => {\n  cy.logar(user.valido).then(res => {\n    expect(res.status).to.equal(200);\n    expect(res.body).to.have.property(\"authorization\");\n    bearer = res.body.authorization;\n  });\n});",
                  "err": {},
                  "uuid": "76595605-278e-4d62-9488-444c4e898f79",
                  "parentUUID": "37cbe126-1307-453e-8b05-10cb57343057",
                  "isHook": false,
                  "skipped": false
                },
                {
                  "title": "Deve realizar teste de contrato sobre a requisição POST /login",
                  "fullTitle": "Testes da rota /login Deve efetuar os testes positivos da rota Deve realizar teste de contrato sobre a requisição POST /login",
                  "timedOut": null,
                  "duration": 68,
                  "state": "passed",
                  "speed": "fast",
                  "pass": true,
                  "fail": false,
                  "pending": false,
                  "context": null,
                  "code": "cy.fixture(\"loginCredentials\").then(user => {\n  cy.logar(user.valido).then(res => {\n    expect(res.status).to.be.equal(200);\n    cy.validarContrato(res, \"post_login\", 200).then(validacao => {\n      expect(validacao).to.be.equal(\"Contrato validado!\");\n    });\n  });\n});",
                  "err": {},
                  "uuid": "7cde582d-1b58-4064-b922-c2cab21cb788",
                  "parentUUID": "37cbe126-1307-453e-8b05-10cb57343057",
                  "isHook": false,
                  "skipped": false
                }
              ],
              "suites": [],
              "passes": [
                "76595605-278e-4d62-9488-444c4e898f79",
                "7cde582d-1b58-4064-b922-c2cab21cb788"
              ],
              "failures": [],
              "pending": [],
              "skipped": [],
              "duration": 127,
              "root": false,
              "rootEmpty": false,
              "_timeout": 2000
            },
            {
              "uuid": "8a14e24d-f25e-4177-924d-27e3953a425b",
              "title": "Deve efetuar testes negativos da rota",
              "fullFile": "",
              "file": "",
              "beforeHooks": [],
              "afterHooks": [],
              "tests": [
                {
                  "title": "Deve efetuar uma falha em que o campo email não pode ficar em branco e status code 400",
                  "fullTitle": "Testes da rota /login Deve efetuar testes negativos da rota Deve efetuar uma falha em que o campo email não pode ficar em branco e status code 400",
                  "timedOut": null,
                  "duration": 44,
                  "state": "passed",
                  "speed": "fast",
                  "pass": true,
                  "fail": false,
                  "pending": false,
                  "context": null,
                  "code": "cy.fixture(\"loginCredentials\").then(user => {\n  cy.logar(user.emailEmBranco).then(res => {\n    expect(res.status).to.be.equal(400);\n    expect(res.body).has.property(\"email\").to.be.equal(\"email não pode ficar em branco\");\n  });\n});",
                  "err": {},
                  "uuid": "163e4ba2-55a2-4e72-9cb3-ff77a24f7434",
                  "parentUUID": "8a14e24d-f25e-4177-924d-27e3953a425b",
                  "isHook": false,
                  "skipped": false
                },
                {
                  "title": "Deve efetuar uma falha em que o campo email é obrigatório e status code 400",
                  "fullTitle": "Testes da rota /login Deve efetuar testes negativos da rota Deve efetuar uma falha em que o campo email é obrigatório e status code 400",
                  "timedOut": null,
                  "duration": 44,
                  "state": "passed",
                  "speed": "fast",
                  "pass": true,
                  "fail": false,
                  "pending": false,
                  "context": null,
                  "code": "cy.fixture(\"loginCredentials\").then(user => {\n  cy.logar(user.semCampoEmail).then(res => {\n    expect(res.status).to.be.equal(400);\n    expect(res.body).has.property(\"email\").to.be.equal(\"email é obrigatório\");\n  });\n});",
                  "err": {},
                  "uuid": "7ec5d005-ddd8-4332-886b-5f117177c896",
                  "parentUUID": "8a14e24d-f25e-4177-924d-27e3953a425b",
                  "isHook": false,
                  "skipped": false
                },
                {
                  "title": "Deve efetuar uma falha em que o campo senha(password) não pode ficar em branco e status code 400",
                  "fullTitle": "Testes da rota /login Deve efetuar testes negativos da rota Deve efetuar uma falha em que o campo senha(password) não pode ficar em branco e status code 400",
                  "timedOut": null,
                  "duration": 56,
                  "state": "passed",
                  "speed": "fast",
                  "pass": true,
                  "fail": false,
                  "pending": false,
                  "context": null,
                  "code": "cy.fixture(\"loginCredentials\").then(user => {\n  cy.logar(user.senhaEmBranco).then(res => {\n    expect(res.status).to.be.equal(400);\n    expect(res.body).has.property('password').to.be.equal(\"password não pode ficar em branco\");\n  });\n});",
                  "err": {},
                  "uuid": "cf44baea-d5ec-45dc-b112-dac680b0146a",
                  "parentUUID": "8a14e24d-f25e-4177-924d-27e3953a425b",
                  "isHook": false,
                  "skipped": false
                },
                {
                  "title": "Deve efetuar uma falha em que o campo senha(password) é obrigatório e status code 400",
                  "fullTitle": "Testes da rota /login Deve efetuar testes negativos da rota Deve efetuar uma falha em que o campo senha(password) é obrigatório e status code 400",
                  "timedOut": null,
                  "duration": 46,
                  "state": "passed",
                  "speed": "fast",
                  "pass": true,
                  "fail": false,
                  "pending": false,
                  "context": null,
                  "code": "cy.fixture(\"loginCredentials\").then(user => {\n  cy.logar(user.semCampoSenha).then(res => {\n    expect(res.status).to.be.equal(400);\n    expect(res.body).has.property(\"password\").to.be.equal(\"password é obrigatório\");\n  });\n});",
                  "err": {},
                  "uuid": "8a9701f8-995b-4e95-be79-61efd4254c62",
                  "parentUUID": "8a14e24d-f25e-4177-924d-27e3953a425b",
                  "isHook": false,
                  "skipped": false
                },
                {
                  "title": "Deve efetuar falha em que os todos os campos são vazios, e status code 400",
                  "fullTitle": "Testes da rota /login Deve efetuar testes negativos da rota Deve efetuar falha em que os todos os campos são vazios, e status code 400",
                  "timedOut": null,
                  "duration": 48,
                  "state": "passed",
                  "speed": "fast",
                  "pass": true,
                  "fail": false,
                  "pending": false,
                  "context": null,
                  "code": "cy.fixture(\"loginCredentials\").then(user => {\n  cy.logar(user.semCampos).then(res => {\n    expect(res.status).to.be.equal(400);\n    expect(res.body).has.property('password').to.be.equal('password é obrigatório');\n    expect(res.body).has.property('email').to.be.equal('email é obrigatório');\n  });\n});",
                  "err": {},
                  "uuid": "9f0521b6-486e-47bc-8e50-654e75024d0a",
                  "parentUUID": "8a14e24d-f25e-4177-924d-27e3953a425b",
                  "isHook": false,
                  "skipped": false
                }
              ],
              "suites": [],
              "passes": [
                "163e4ba2-55a2-4e72-9cb3-ff77a24f7434",
                "7ec5d005-ddd8-4332-886b-5f117177c896",
                "cf44baea-d5ec-45dc-b112-dac680b0146a",
                "8a9701f8-995b-4e95-be79-61efd4254c62",
                "9f0521b6-486e-47bc-8e50-654e75024d0a"
              ],
              "failures": [],
              "pending": [],
              "skipped": [],
              "duration": 238,
              "root": false,
              "rootEmpty": false,
              "_timeout": 2000
            }
          ],
          "passes": [],
          "failures": [],
          "pending": [],
          "skipped": [],
          "duration": 0,
          "root": false,
          "rootEmpty": false,
          "_timeout": 2000
        }
      ],
      "passes": [],
      "failures": [],
      "pending": [],
      "skipped": [],
      "duration": 0,
      "root": true,
      "rootEmpty": true,
      "_timeout": 2000
    }
  ],
  "meta": {
    "mocha": {
      "version": "7.0.1"
    },
    "mochawesome": {
      "options": {
        "quiet": false,
        "reportFilename": "mochawesome",
        "saveHtml": false,
        "saveJson": true,
        "consoleReporter": "spec",
        "useInlineDiffs": false,
        "code": true
      },
      "version": "7.0.1"
    },
    "marge": {
      "options": {
        "reportDir": "cypress/report/mochawesome-report",
        "overwrite": false,
        "html": false,
        "json": true,
        "timestamp": "yyyymmdd_HHMMss",
        "reportTitle": "Relatório dos testes",
        "cdn": true,
        "charts": true
      },
      "version": "6.0.1"
    }
  }
}