{
  "stats": {
    "suites": 1,
    "tests": 3,
    "passes": 3,
    "pending": 0,
    "failures": 0,
    "start": "2021-11-10T17:53:02.116Z",
    "end": "2021-11-10T17:53:22.534Z",
    "duration": 20418,
    "testsRegistered": 3,
    "passPercent": 100,
    "pendingPercent": 0,
    "other": 0,
    "hasOther": false,
    "skipped": 0,
    "hasSkipped": false
  },
  "results": [
    {
      "uuid": "4cf2af49-eab3-4f12-b242-eee12e7d3dcc",
      "title": "",
      "fullFile": "cypress/integration/front_registrando_usuarios.spec.js",
      "file": "cypress/integration/front_registrando_usuarios.spec.js",
      "beforeHooks": [],
      "afterHooks": [],
      "tests": [],
      "suites": [
        {
          "uuid": "cc1279ef-52a3-4cf2-ac99-324b703d2f6d",
          "title": "Testes na rota cadastro de usuário",
          "fullFile": "",
          "file": "",
          "beforeHooks": [],
          "afterHooks": [],
          "tests": [
            {
              "title": "Validando URL - mensagem de Cadastro realizado com sucesso e boas vindas",
              "fullTitle": "Testes na rota cadastro de usuário Validando URL - mensagem de Cadastro realizado com sucesso e boas vindas",
              "timedOut": null,
              "duration": 6457,
              "state": "passed",
              "speed": "medium",
              "pass": true,
              "fail": false,
              "pending": false,
              "context": null,
              "code": "_register_user.default.validarMsgCadastroRealizado();\n_register_user.default.validarUrl();\n_register_user.default.validarMsgBoasVindas();\n_register_user.default.validarMsgBoasVindasNome();",
              "err": {},
              "uuid": "0c87324d-bdf1-46b7-aa78-5eaeead7c99c",
              "parentUUID": "cc1279ef-52a3-4cf2-ac99-324b703d2f6d",
              "isHook": false,
              "skipped": false
            },
            {
              "title": "Validando Textos dos componentes",
              "fullTitle": "Testes na rota cadastro de usuário Validando Textos dos componentes",
              "timedOut": null,
              "duration": 5723,
              "state": "passed",
              "speed": "medium",
              "pass": true,
              "fail": false,
              "pending": false,
              "context": null,
              "code": "_register_user.default.validandoComponentes();",
              "err": {},
              "uuid": "bef9bdf4-89f8-4183-b700-a323a3eb171f",
              "parentUUID": "cc1279ef-52a3-4cf2-ac99-324b703d2f6d",
              "isHook": false,
              "skipped": false
            },
            {
              "title": "Validando se o usuário cadastrado aparece na lista",
              "fullTitle": "Testes na rota cadastro de usuário Validando se o usuário cadastrado aparece na lista",
              "timedOut": null,
              "duration": 5491,
              "state": "passed",
              "speed": "medium",
              "pass": true,
              "fail": false,
              "pending": false,
              "context": null,
              "code": "_register_user.default.acessarListaUser();\n_register_user.default.validaUsuarioCriado();",
              "err": {},
              "uuid": "13a5a4a5-a116-4f00-827a-68b31ee400fd",
              "parentUUID": "cc1279ef-52a3-4cf2-ac99-324b703d2f6d",
              "isHook": false,
              "skipped": false
            }
          ],
          "suites": [],
          "passes": [
            "0c87324d-bdf1-46b7-aa78-5eaeead7c99c",
            "bef9bdf4-89f8-4183-b700-a323a3eb171f",
            "13a5a4a5-a116-4f00-827a-68b31ee400fd"
          ],
          "failures": [],
          "pending": [],
          "skipped": [],
          "duration": 17671,
          "root": false,
          "rootEmpty": false,
          "_timeout": 2000
        }
      ],
      "passes": [],
      "failures": [],
      "pending": [],
      "skipped": [],
      "duration": 0,
      "root": true,
      "rootEmpty": true,
      "_timeout": 2000
    }
  ],
  "meta": {
    "mocha": {
      "version": "7.0.1"
    },
    "mochawesome": {
      "options": {
        "quiet": false,
        "reportFilename": "mochawesome",
        "saveHtml": false,
        "saveJson": true,
        "consoleReporter": "spec",
        "useInlineDiffs": false,
        "code": true
      },
      "version": "7.0.1"
    },
    "marge": {
      "options": {
        "reportDir": "cypress/report/mochawesome-report",
        "overwrite": false,
        "html": false,
        "json": true,
        "timestamp": "yyyymmdd_HHMMss",
        "reportTitle": "Relatório dos testes",
        "cdn": true,
        "charts": true
      },
      "version": "6.0.1"
    }
  }
}