{
  "stats": {
    "suites": 1,
    "tests": 1,
    "passes": 1,
    "pending": 0,
    "failures": 0,
    "start": "2021-11-10T16:41:30.787Z",
    "end": "2021-11-10T16:41:39.105Z",
    "duration": 8318,
    "testsRegistered": 1,
    "passPercent": 100,
    "pendingPercent": 0,
    "other": 0,
    "hasOther": false,
    "skipped": 0,
    "hasSkipped": false
  },
  "results": [
    {
      "uuid": "989fbda9-b82f-4bc5-9e02-f9ccb720c6f4",
      "title": "",
      "fullFile": "cypress/integration/front_listar_produtos.spec.js",
      "file": "cypress/integration/front_listar_produtos.spec.js",
      "beforeHooks": [],
      "afterHooks": [],
      "tests": [],
      "suites": [
        {
          "uuid": "14bbeceb-b253-4936-abec-8c997368dfd4",
          "title": "Testar camada Listar Produto",
          "fullFile": "",
          "file": "",
          "beforeHooks": [],
          "afterHooks": [],
          "tests": [
            {
              "title": "Listar produtos e validar url",
              "fullTitle": "Testar camada Listar Produto Listar produtos e validar url",
              "timedOut": null,
              "duration": 4258,
              "state": "passed",
              "speed": "fast",
              "pass": true,
              "fail": false,
              "pending": false,
              "context": null,
              "code": "_listar_produtos.default.validarUrl();\n_listar_produtos.default.clicar_botão_listar_produtos();",
              "err": {},
              "uuid": "584c5804-203c-4852-8f35-b7d8cb5778af",
              "parentUUID": "14bbeceb-b253-4936-abec-8c997368dfd4",
              "isHook": false,
              "skipped": false
            }
          ],
          "suites": [],
          "passes": [
            "584c5804-203c-4852-8f35-b7d8cb5778af"
          ],
          "failures": [],
          "pending": [],
          "skipped": [],
          "duration": 4258,
          "root": false,
          "rootEmpty": false,
          "_timeout": 2000
        }
      ],
      "passes": [],
      "failures": [],
      "pending": [],
      "skipped": [],
      "duration": 0,
      "root": true,
      "rootEmpty": true,
      "_timeout": 2000
    }
  ],
  "meta": {
    "mocha": {
      "version": "7.0.1"
    },
    "mochawesome": {
      "options": {
        "quiet": false,
        "reportFilename": "mochawesome",
        "saveHtml": false,
        "saveJson": true,
        "consoleReporter": "spec",
        "useInlineDiffs": false,
        "code": true
      },
      "version": "7.0.1"
    },
    "marge": {
      "options": {
        "reportDir": "cypress/report/mochawesome-report",
        "overwrite": false,
        "html": false,
        "json": true,
        "timestamp": "yyyymmdd_HHMMss",
        "reportTitle": "Relatório dos testes",
        "cdn": true,
        "charts": true
      },
      "version": "6.0.1"
    }
  }
}