{
  "stats": {
    "suites": 2,
    "tests": 2,
    "passes": 2,
    "pending": 0,
    "failures": 0,
    "start": "2021-11-08T18:15:23.244Z",
    "end": "2021-11-08T18:15:25.066Z",
    "duration": 1822,
    "testsRegistered": 2,
    "passPercent": 100,
    "pendingPercent": 0,
    "other": 0,
    "hasOther": false,
    "skipped": 0,
    "hasSkipped": false
  },
  "results": [
    {
      "uuid": "7c3f06ce-2d78-4888-a08d-aed59563a730",
      "title": "",
      "fullFile": "cypress/integration/api_carrinho.spec.js",
      "file": "cypress/integration/api_carrinho.spec.js",
      "beforeHooks": [],
      "afterHooks": [],
      "tests": [],
      "suites": [
        {
          "uuid": "ce45907c-7b09-4a86-a12b-9e9241421566",
          "title": "Teste da rota /login para execução posterior da rota /produtos",
          "fullFile": "",
          "file": "",
          "beforeHooks": [],
          "afterHooks": [],
          "tests": [
            {
              "title": "Deve validar o login com status code 200 e authorization",
              "fullTitle": "Teste da rota /login para execução posterior da rota /produtos Deve validar o login com status code 200 e authorization",
              "timedOut": null,
              "duration": 1754,
              "state": "passed",
              "speed": "fast",
              "pass": true,
              "fail": false,
              "pending": false,
              "context": null,
              "code": "cy.fixture(\"loginCredentials\").then(user => {\n  cy.logar(user.valido).then(res => {\n    expect(res.status).to.equal(200);\n    expect(res.body).to.have.property(\"authorization\");\n    bearer = res.body.authorization;\n  });\n});",
              "err": {},
              "uuid": "98ebe3ef-f137-48bf-aaf2-3b491a3f88cf",
              "parentUUID": "ce45907c-7b09-4a86-a12b-9e9241421566",
              "isHook": false,
              "skipped": false
            }
          ],
          "suites": [],
          "passes": [
            "98ebe3ef-f137-48bf-aaf2-3b491a3f88cf"
          ],
          "failures": [],
          "pending": [],
          "skipped": [],
          "duration": 1754,
          "root": false,
          "rootEmpty": false,
          "_timeout": 2000
        },
        {
          "uuid": "e1f7d67b-51ca-4370-9bdb-294454e8cdb8",
          "title": "Testes na rota /carrinhos",
          "fullFile": "",
          "file": "",
          "beforeHooks": [],
          "afterHooks": [],
          "tests": [
            {
              "title": "Deve listar carrinhos cadastrados",
              "fullTitle": "Testes na rota /carrinhos Deve listar carrinhos cadastrados",
              "timedOut": null,
              "duration": 51,
              "state": "passed",
              "speed": "fast",
              "pass": true,
              "fail": false,
              "pending": false,
              "context": null,
              "code": "cy.listarCarrinhos().then(res => {\n  expect(res.status).to.be.equal(200);\n  expect(res.body).to.have.property('quantidade');\n  expect(res.body).to.have.property('carrinhos');\n});",
              "err": {},
              "uuid": "d2c848ab-ef34-47dd-9c85-abb1387286c4",
              "parentUUID": "e1f7d67b-51ca-4370-9bdb-294454e8cdb8",
              "isHook": false,
              "skipped": false
            }
          ],
          "suites": [],
          "passes": [
            "d2c848ab-ef34-47dd-9c85-abb1387286c4"
          ],
          "failures": [],
          "pending": [],
          "skipped": [],
          "duration": 51,
          "root": false,
          "rootEmpty": false,
          "_timeout": 2000
        }
      ],
      "passes": [],
      "failures": [],
      "pending": [],
      "skipped": [],
      "duration": 0,
      "root": true,
      "rootEmpty": true,
      "_timeout": 2000
    }
  ],
  "meta": {
    "mocha": {
      "version": "7.0.1"
    },
    "mochawesome": {
      "options": {
        "quiet": false,
        "reportFilename": "mochawesome",
        "saveHtml": false,
        "saveJson": true,
        "consoleReporter": "spec",
        "useInlineDiffs": false,
        "code": true
      },
      "version": "7.0.1"
    },
    "marge": {
      "options": {
        "reportDir": "cypress/report/mochawesome-report",
        "overwrite": false,
        "html": false,
        "json": true,
        "timestamp": "yyyymmdd_HHMMss",
        "reportTitle": "Relatório dos testes",
        "cdn": true,
        "charts": true
      },
      "version": "6.0.1"
    }
  }
}