{
  "stats": {
    "suites": 3,
    "tests": 13,
    "passes": 13,
    "pending": 0,
    "failures": 0,
    "start": "2021-11-10T17:47:03.054Z",
    "end": "2021-11-10T17:47:03.867Z",
    "duration": 813,
    "testsRegistered": 13,
    "passPercent": 100,
    "pendingPercent": 0,
    "other": 0,
    "hasOther": false,
    "skipped": 0,
    "hasSkipped": false
  },
  "results": [
    {
      "uuid": "d36b9b90-c136-4195-b58f-a6abf19522fe",
      "title": "",
      "fullFile": "cypress/integration/api_produtos.spec.js",
      "file": "cypress/integration/api_produtos.spec.js",
      "beforeHooks": [],
      "afterHooks": [],
      "tests": [],
      "suites": [
        {
          "uuid": "42a85fe6-da4d-4a61-878f-ce81274f76ab",
          "title": "Testes da rota /produtos",
          "fullFile": "",
          "file": "",
          "beforeHooks": [],
          "afterHooks": [],
          "tests": [],
          "suites": [
            {
              "uuid": "ffc8d075-40e1-4804-b52b-74883f647fea",
              "title": "Deve efetuar os testes positivos da rota",
              "fullFile": "",
              "file": "",
              "beforeHooks": [],
              "afterHooks": [],
              "tests": [
                {
                  "title": "Deve validar o login com status code 200 e authorization",
                  "fullTitle": "Testes da rota /produtos Deve efetuar os testes positivos da rota Deve validar o login com status code 200 e authorization",
                  "timedOut": null,
                  "duration": 66,
                  "state": "passed",
                  "speed": "fast",
                  "pass": true,
                  "fail": false,
                  "pending": false,
                  "context": null,
                  "code": "cy.fixture(\"loginCredentials\").then(user => {\n  cy.logar(user.valido).then(res => {\n    expect(res.status).to.equal(200);\n    expect(res.body).to.have.property(\"authorization\");\n    bearer = res.body.authorization;\n  });\n});",
                  "err": {},
                  "uuid": "d85b67a0-7fea-420c-954c-03ba674aa707",
                  "parentUUID": "ffc8d075-40e1-4804-b52b-74883f647fea",
                  "isHook": false,
                  "skipped": false
                },
                {
                  "title": "Deve cadastrar produto corretamente possuindo status code 201 e exibir propriedade message",
                  "fullTitle": "Testes da rota /produtos Deve efetuar os testes positivos da rota Deve cadastrar produto corretamente possuindo status code 201 e exibir propriedade message",
                  "timedOut": null,
                  "duration": 50,
                  "state": "passed",
                  "speed": "fast",
                  "pass": true,
                  "fail": false,
                  "pending": false,
                  "context": null,
                  "code": "let produto = _factory.default.gerarProduto();\ncy.cadastrarProduto(bearer, produto).then(res => {\n  expect(res.status).to.be.equal(201);\n  expect(res.body).has.property(\"message\").equal(\"Cadastro realizado com sucesso\");\n  expect(res.body).to.have.property(\"_id\");\n  idProduto = res.body._id;\n});",
                  "err": {},
                  "uuid": "1200d266-2578-437a-9882-dbfec7ef65d2",
                  "parentUUID": "ffc8d075-40e1-4804-b52b-74883f647fea",
                  "isHook": false,
                  "skipped": false
                },
                {
                  "title": "Deve buscar produtos e se possui status code 200",
                  "fullTitle": "Testes da rota /produtos Deve efetuar os testes positivos da rota Deve buscar produtos e se possui status code 200",
                  "timedOut": null,
                  "duration": 80,
                  "state": "passed",
                  "speed": "fast",
                  "pass": true,
                  "fail": false,
                  "pending": false,
                  "context": null,
                  "code": "cy.buscarProdutos().then(res => {\n  expect(res.status).to.equal(200);\n});",
                  "err": {},
                  "uuid": "456f0839-643b-4d0c-9de9-8313d212ff4f",
                  "parentUUID": "ffc8d075-40e1-4804-b52b-74883f647fea",
                  "isHook": false,
                  "skipped": false
                },
                {
                  "title": "Deve buscar produto por id e se possui status code 200",
                  "fullTitle": "Testes da rota /produtos Deve efetuar os testes positivos da rota Deve buscar produto por id e se possui status code 200",
                  "timedOut": null,
                  "duration": 46,
                  "state": "passed",
                  "speed": "fast",
                  "pass": true,
                  "fail": false,
                  "pending": false,
                  "context": null,
                  "code": "cy.buscarProdutoPorId(idProduto).then(res => {\n  expect(res.status).to.be.equal(200);\n});",
                  "err": {},
                  "uuid": "1a0f43f6-f5d1-4316-8888-6e0d2c1718c8",
                  "parentUUID": "ffc8d075-40e1-4804-b52b-74883f647fea",
                  "isHook": false,
                  "skipped": false
                },
                {
                  "title": "Deve validar contrato sobre a requisição GET /produtos",
                  "fullTitle": "Testes da rota /produtos Deve efetuar os testes positivos da rota Deve validar contrato sobre a requisição GET /produtos",
                  "timedOut": null,
                  "duration": 84,
                  "state": "passed",
                  "speed": "fast",
                  "pass": true,
                  "fail": false,
                  "pending": false,
                  "context": null,
                  "code": "cy.buscarProdutos().then(res => {\n  expect(res.status).to.be.equal(200);\n  cy.validarContrato(res, \"get_produtos\", 200).then(validacao => {\n    expect(validacao).to.be.equal(\"Contrato validado!\");\n  });\n});",
                  "err": {},
                  "uuid": "fc5c1dcf-ba3a-4221-b568-199e1dee432f",
                  "parentUUID": "ffc8d075-40e1-4804-b52b-74883f647fea",
                  "isHook": false,
                  "skipped": false
                },
                {
                  "title": "Deve validar contrato sobre a requisição POST /produtos",
                  "fullTitle": "Testes da rota /produtos Deve efetuar os testes positivos da rota Deve validar contrato sobre a requisição POST /produtos",
                  "timedOut": null,
                  "duration": 52,
                  "state": "passed",
                  "speed": "fast",
                  "pass": true,
                  "fail": false,
                  "pending": false,
                  "context": null,
                  "code": "let produto = _factory.default.gerarProduto();\ncy.cadastrarProduto(bearer, produto).then(res => {\n  expect(res.status).to.be.equal(201);\n  cy.validarContrato(res, \"post_produtos\", 201).then(validacao => {\n    expect(validacao).to.be.equal(\"Contrato validado!\");\n  });\n});",
                  "err": {},
                  "uuid": "9f01b5b6-03b4-4fc0-a144-caf90a3cb607",
                  "parentUUID": "ffc8d075-40e1-4804-b52b-74883f647fea",
                  "isHook": false,
                  "skipped": false
                },
                {
                  "title": "Deve editar o produto PUT /produtos",
                  "fullTitle": "Testes da rota /produtos Deve efetuar os testes positivos da rota Deve editar o produto PUT /produtos",
                  "timedOut": null,
                  "duration": 58,
                  "state": "passed",
                  "speed": "fast",
                  "pass": true,
                  "fail": false,
                  "pending": false,
                  "context": null,
                  "code": "let body = _factory.default.produtoEdit();\ncy.editarProduto(idProduto, body, bearer).then(res => {\n  expect(res.status).to.be.equal(200);\n  expect(res.body).to.have.property('message').equal('Registro alterado com sucesso');\n  cy.validarContrato(res, \"put_produtos_id\", 200).then(validacao => {\n    expect(validacao).to.be.equal(\"Contrato validado!\");\n  });\n});",
                  "err": {},
                  "uuid": "f7e6abe3-9789-4f68-9dad-402917ad1490",
                  "parentUUID": "ffc8d075-40e1-4804-b52b-74883f647fea",
                  "isHook": false,
                  "skipped": false
                }
              ],
              "suites": [],
              "passes": [
                "d85b67a0-7fea-420c-954c-03ba674aa707",
                "1200d266-2578-437a-9882-dbfec7ef65d2",
                "456f0839-643b-4d0c-9de9-8313d212ff4f",
                "1a0f43f6-f5d1-4316-8888-6e0d2c1718c8",
                "fc5c1dcf-ba3a-4221-b568-199e1dee432f",
                "9f01b5b6-03b4-4fc0-a144-caf90a3cb607",
                "f7e6abe3-9789-4f68-9dad-402917ad1490"
              ],
              "failures": [],
              "pending": [],
              "skipped": [],
              "duration": 436,
              "root": false,
              "rootEmpty": false,
              "_timeout": 2000
            },
            {
              "uuid": "96631344-7233-4767-8886-c8bbbc849ba7",
              "title": "Deve efetuar os testes negativos da rota",
              "fullFile": "",
              "file": "",
              "beforeHooks": [],
              "afterHooks": [],
              "tests": [
                {
                  "title": "Deve falhar o cadastro do produto por ser existente, possuindo propriedade message e status code 400",
                  "fullTitle": "Testes da rota /produtos Deve efetuar os testes negativos da rota Deve falhar o cadastro do produto por ser existente, possuindo propriedade message e status code 400",
                  "timedOut": null,
                  "duration": 49,
                  "state": "passed",
                  "speed": "fast",
                  "pass": true,
                  "fail": false,
                  "pending": false,
                  "context": null,
                  "code": "let produtoExistente = _factory.default.produtoExistente();\ncy.cadastrarProduto(bearer, produtoExistente).then(res => {\n  expect(res.status).to.be.equal(400);\n  expect(res.body).has.property(\"message\").equal(\"Já existe produto com esse nome\");\n});",
                  "err": {},
                  "uuid": "c5e4f1f4-1883-4682-8a58-4e42a37d50e5",
                  "parentUUID": "96631344-7233-4767-8886-c8bbbc849ba7",
                  "isHook": false,
                  "skipped": false
                },
                {
                  "title": "Deve falhar o cadastro do produto por não possuir nome, possuindo propriedade message e status code 400",
                  "fullTitle": "Testes da rota /produtos Deve efetuar os testes negativos da rota Deve falhar o cadastro do produto por não possuir nome, possuindo propriedade message e status code 400",
                  "timedOut": null,
                  "duration": 45,
                  "state": "passed",
                  "speed": "fast",
                  "pass": true,
                  "fail": false,
                  "pending": false,
                  "context": null,
                  "code": "let produtoSemNome = _factory.default.produtoNomeBranco();\ncy.cadastrarProduto(bearer, produtoSemNome).then(res => {\n  expect(res.status).to.be.equal(400);\n  expect(res.body).has.property(\"nome\").equal(\"nome não pode ficar em branco\");\n});",
                  "err": {},
                  "uuid": "354f4d83-2e9c-41ff-b67d-21e5d61eb79f",
                  "parentUUID": "96631344-7233-4767-8886-c8bbbc849ba7",
                  "isHook": false,
                  "skipped": false
                },
                {
                  "title": "Deve falhar o cadastro do produto por não possuir descrição, possuindo propriedade message e status code 400",
                  "fullTitle": "Testes da rota /produtos Deve efetuar os testes negativos da rota Deve falhar o cadastro do produto por não possuir descrição, possuindo propriedade message e status code 400",
                  "timedOut": null,
                  "duration": 46,
                  "state": "passed",
                  "speed": "fast",
                  "pass": true,
                  "fail": false,
                  "pending": false,
                  "context": null,
                  "code": "let produtoSemDescricao = _factory.default.produtoSemDescricao();\ncy.cadastrarProduto(bearer, produtoSemDescricao).then(res => {\n  expect(res.status).to.be.equal(400);\n  expect(res.body).has.property(\"descricao\").equal(\"descricao não pode ficar em branco\");\n});",
                  "err": {},
                  "uuid": "14ab5cd1-8f4c-40a6-afb2-ba2cbaec138b",
                  "parentUUID": "96631344-7233-4767-8886-c8bbbc849ba7",
                  "isHook": false,
                  "skipped": false
                },
                {
                  "title": "Deve falhar o cadastro do produto por não possuir nome, possuindo propriedade message e status code 400",
                  "fullTitle": "Testes da rota /produtos Deve efetuar os testes negativos da rota Deve falhar o cadastro do produto por não possuir nome, possuindo propriedade message e status code 400",
                  "timedOut": null,
                  "duration": 43,
                  "state": "passed",
                  "speed": "fast",
                  "pass": true,
                  "fail": false,
                  "pending": false,
                  "context": null,
                  "code": "let produtoSemNome = _factory.default.produtoSemNome();\ncy.cadastrarProduto(bearer, produtoSemNome).then(res => {\n  expect(res.status).to.be.equal(400);\n  expect(res.body).has.property(\"nome\").equal(\"nome é obrigatório\");\n});",
                  "err": {},
                  "uuid": "d1684757-66f2-4da3-a350-459544faf8a7",
                  "parentUUID": "96631344-7233-4767-8886-c8bbbc849ba7",
                  "isHook": false,
                  "skipped": false
                },
                {
                  "title": "Deve validar contrato negativo sobre a requisição POST /produtos",
                  "fullTitle": "Testes da rota /produtos Deve efetuar os testes negativos da rota Deve validar contrato negativo sobre a requisição POST /produtos",
                  "timedOut": null,
                  "duration": 55,
                  "state": "passed",
                  "speed": "fast",
                  "pass": true,
                  "fail": false,
                  "pending": false,
                  "context": null,
                  "code": "let produtoExistente = _factory.default.produtoExistente();\ncy.cadastrarProduto(bearer, produtoExistente).then(res => {\n  expect(res.status).to.be.equal(400);\n  cy.validarContrato(res, \"post_produtos\", 400).then(validacao => {\n    expect(validacao).to.be.equal(\"Contrato validado!\");\n  });\n});",
                  "err": {},
                  "uuid": "1c60d7e5-dfd7-4cd2-aa55-108920749dae",
                  "parentUUID": "96631344-7233-4767-8886-c8bbbc849ba7",
                  "isHook": false,
                  "skipped": false
                },
                {
                  "title": "Deve realizar teste de inserção de Token inválido",
                  "fullTitle": "Testes da rota /produtos Deve efetuar os testes negativos da rota Deve realizar teste de inserção de Token inválido",
                  "timedOut": null,
                  "duration": 85,
                  "state": "passed",
                  "speed": "fast",
                  "pass": true,
                  "fail": false,
                  "pending": false,
                  "context": null,
                  "code": "let produto = _factory.default.gerarProduto();\ncy.fixture(\"loginCredentials\").then(usuario => {\n  cy.logar(usuario.invalido).then(res => {\n    bearer = res.body.authorization;\n    cy.cadastrarProduto(bearer, produto).then(res => {\n      expect(res.statusCode === 401);\n      expect(res.body).to.have.property(\"message\");\n      expect(res.body.message).to.be.equal(\"Token de acesso ausente, inválido, expirado ou usuário do token não existe mais\");\n      cy.validarContrato(res, \"post_produtos\", 401).then(validacao => {\n        expect(validacao).to.be.equal(\"Contrato validado!\");\n      });\n    });\n  });\n});",
                  "err": {},
                  "uuid": "e7592298-4662-4bd4-9c79-1cb26539b730",
                  "parentUUID": "96631344-7233-4767-8886-c8bbbc849ba7",
                  "isHook": false,
                  "skipped": false
                }
              ],
              "suites": [],
              "passes": [
                "c5e4f1f4-1883-4682-8a58-4e42a37d50e5",
                "354f4d83-2e9c-41ff-b67d-21e5d61eb79f",
                "14ab5cd1-8f4c-40a6-afb2-ba2cbaec138b",
                "d1684757-66f2-4da3-a350-459544faf8a7",
                "1c60d7e5-dfd7-4cd2-aa55-108920749dae",
                "e7592298-4662-4bd4-9c79-1cb26539b730"
              ],
              "failures": [],
              "pending": [],
              "skipped": [],
              "duration": 323,
              "root": false,
              "rootEmpty": false,
              "_timeout": 2000
            }
          ],
          "passes": [],
          "failures": [],
          "pending": [],
          "skipped": [],
          "duration": 0,
          "root": false,
          "rootEmpty": false,
          "_timeout": 2000
        }
      ],
      "passes": [],
      "failures": [],
      "pending": [],
      "skipped": [],
      "duration": 0,
      "root": true,
      "rootEmpty": true,
      "_timeout": 2000
    }
  ],
  "meta": {
    "mocha": {
      "version": "7.0.1"
    },
    "mochawesome": {
      "options": {
        "quiet": false,
        "reportFilename": "mochawesome",
        "saveHtml": false,
        "saveJson": true,
        "consoleReporter": "spec",
        "useInlineDiffs": false,
        "code": true
      },
      "version": "7.0.1"
    },
    "marge": {
      "options": {
        "reportDir": "cypress/report/mochawesome-report",
        "overwrite": false,
        "html": false,
        "json": true,
        "timestamp": "yyyymmdd_HHMMss",
        "reportTitle": "Relatório dos testes",
        "cdn": true,
        "charts": true
      },
      "version": "6.0.1"
    }
  }
}