{
  "stats": {
    "suites": 1,
    "tests": 1,
    "passes": 1,
    "pending": 0,
    "failures": 0,
    "start": "2021-11-08T18:15:57.855Z",
    "end": "2021-11-08T18:16:07.250Z",
    "duration": 9395,
    "testsRegistered": 1,
    "passPercent": 100,
    "pendingPercent": 0,
    "other": 0,
    "hasOther": false,
    "skipped": 0,
    "hasSkipped": false
  },
  "results": [
    {
      "uuid": "0d56ca90-fde4-4393-b6dd-3c0b0c17622b",
      "title": "",
      "fullFile": "cypress/integration/front_registrando_produto.spec.js",
      "file": "cypress/integration/front_registrando_produto.spec.js",
      "beforeHooks": [],
      "afterHooks": [],
      "tests": [],
      "suites": [
        {
          "uuid": "7a7b652c-7b3c-4a9b-b805-1e97cc9a9337",
          "title": "Testes na rota cadastro de produto",
          "fullFile": "",
          "file": "",
          "beforeHooks": [],
          "afterHooks": [],
          "tests": [
            {
              "title": "Cadastrando produto e validando na lista",
              "fullTitle": "Testes na rota cadastro de produto Cadastrando produto e validando na lista",
              "timedOut": null,
              "duration": 5855,
              "state": "passed",
              "speed": "medium",
              "pass": true,
              "fail": false,
              "pending": false,
              "context": null,
              "code": "_register_product.default.cadastrarProdutoAleatório();\n_register_product.default.clicarBtnCadastrar();\n_register_product.default.validarProdutoCriado();",
              "err": {},
              "uuid": "e9cf34cc-11f2-4b9d-9578-d165ed11a889",
              "parentUUID": "7a7b652c-7b3c-4a9b-b805-1e97cc9a9337",
              "isHook": false,
              "skipped": false
            }
          ],
          "suites": [],
          "passes": [
            "e9cf34cc-11f2-4b9d-9578-d165ed11a889"
          ],
          "failures": [],
          "pending": [],
          "skipped": [],
          "duration": 5855,
          "root": false,
          "rootEmpty": false,
          "_timeout": 2000
        }
      ],
      "passes": [],
      "failures": [],
      "pending": [],
      "skipped": [],
      "duration": 0,
      "root": true,
      "rootEmpty": true,
      "_timeout": 2000
    }
  ],
  "meta": {
    "mocha": {
      "version": "7.0.1"
    },
    "mochawesome": {
      "options": {
        "quiet": false,
        "reportFilename": "mochawesome",
        "saveHtml": false,
        "saveJson": true,
        "consoleReporter": "spec",
        "useInlineDiffs": false,
        "code": true
      },
      "version": "7.0.1"
    },
    "marge": {
      "options": {
        "reportDir": "cypress/report/mochawesome-report",
        "overwrite": false,
        "html": false,
        "json": true,
        "timestamp": "yyyymmdd_HHMMss",
        "reportTitle": "Relatório dos testes",
        "cdn": true,
        "charts": true
      },
      "version": "6.0.1"
    }
  }
}