{
  "stats": {
    "suites": 1,
    "tests": 4,
    "passes": 4,
    "pending": 0,
    "failures": 0,
    "start": "2021-11-08T18:15:41.706Z",
    "end": "2021-11-08T18:15:52.319Z",
    "duration": 10613,
    "testsRegistered": 4,
    "passPercent": 100,
    "pendingPercent": 0,
    "other": 0,
    "hasOther": false,
    "skipped": 0,
    "hasSkipped": false
  },
  "results": [
    {
      "uuid": "998e434b-3be8-41be-818d-84ea0edc44b1",
      "title": "",
      "fullFile": "cypress/integration/front_login.spec.js",
      "file": "cypress/integration/front_login.spec.js",
      "beforeHooks": [],
      "afterHooks": [],
      "tests": [],
      "suites": [
        {
          "uuid": "bb987993-ab11-4c6d-a5cd-9932e9593a4a",
          "title": "Testes na rota login",
          "fullFile": "",
          "file": "",
          "beforeHooks": [],
          "afterHooks": [],
          "tests": [
            {
              "title": "Logar sem a senha",
              "fullTitle": "Testes na rota login Logar sem a senha",
              "timedOut": null,
              "duration": 3901,
              "state": "passed",
              "speed": "fast",
              "pass": true,
              "fail": false,
              "pending": false,
              "context": null,
              "code": "_login.default.preencherEmail();\n_login.default.clicarBtEntrar();\n_login.default.validarAlerta(\"Password é obrigatório\");",
              "err": {},
              "uuid": "53f80a8e-ca08-4d19-bd7c-9cd30dc4b029",
              "parentUUID": "bb987993-ab11-4c6d-a5cd-9932e9593a4a",
              "isHook": false,
              "skipped": false
            },
            {
              "title": "Logar sem email",
              "fullTitle": "Testes na rota login Logar sem email",
              "timedOut": null,
              "duration": 1141,
              "state": "passed",
              "speed": "fast",
              "pass": true,
              "fail": false,
              "pending": false,
              "context": null,
              "code": "_login.default.preencherSenha();\n_login.default.clicarBtEntrar();\n_login.default.validarAlerta(\"Email é obrigatório\");",
              "err": {},
              "uuid": "b42346aa-a4ee-423a-86b4-48d04901b5e3",
              "parentUUID": "bb987993-ab11-4c6d-a5cd-9932e9593a4a",
              "isHook": false,
              "skipped": false
            },
            {
              "title": "Logar sem preencher campos",
              "fullTitle": "Testes na rota login Logar sem preencher campos",
              "timedOut": null,
              "duration": 945,
              "state": "passed",
              "speed": "fast",
              "pass": true,
              "fail": false,
              "pending": false,
              "context": null,
              "code": "_login.default.clicarBtEntrar();\n_login.default.validarAlerta(\"Password é obrigatório\");\n_login.default.validarAlerta(\"Email é obrigatório\");",
              "err": {},
              "uuid": "c04122a5-ce04-4953-bb62-f4cb79ea1e20",
              "parentUUID": "bb987993-ab11-4c6d-a5cd-9932e9593a4a",
              "isHook": false,
              "skipped": false
            },
            {
              "title": "Validar componentes /login",
              "fullTitle": "Testes na rota login Validar componentes /login",
              "timedOut": null,
              "duration": 870,
              "state": "passed",
              "speed": "fast",
              "pass": true,
              "fail": false,
              "pending": false,
              "context": null,
              "code": "_login.default.validarComponentesLogin();",
              "err": {},
              "uuid": "f2d17f2d-2f3b-4069-9c12-fe67293aa1f3",
              "parentUUID": "bb987993-ab11-4c6d-a5cd-9932e9593a4a",
              "isHook": false,
              "skipped": false
            }
          ],
          "suites": [],
          "passes": [
            "53f80a8e-ca08-4d19-bd7c-9cd30dc4b029",
            "b42346aa-a4ee-423a-86b4-48d04901b5e3",
            "c04122a5-ce04-4953-bb62-f4cb79ea1e20",
            "f2d17f2d-2f3b-4069-9c12-fe67293aa1f3"
          ],
          "failures": [],
          "pending": [],
          "skipped": [],
          "duration": 6857,
          "root": false,
          "rootEmpty": false,
          "_timeout": 2000
        }
      ],
      "passes": [],
      "failures": [],
      "pending": [],
      "skipped": [],
      "duration": 0,
      "root": true,
      "rootEmpty": true,
      "_timeout": 2000
    }
  ],
  "meta": {
    "mocha": {
      "version": "7.0.1"
    },
    "mochawesome": {
      "options": {
        "quiet": false,
        "reportFilename": "mochawesome",
        "saveHtml": false,
        "saveJson": true,
        "consoleReporter": "spec",
        "useInlineDiffs": false,
        "code": true
      },
      "version": "7.0.1"
    },
    "marge": {
      "options": {
        "reportDir": "cypress/report/mochawesome-report",
        "overwrite": false,
        "html": false,
        "json": true,
        "timestamp": "yyyymmdd_HHMMss",
        "reportTitle": "Relatório dos testes",
        "cdn": true,
        "charts": true
      },
      "version": "6.0.1"
    }
  }
}